#
# A fatal error has been detected by the Java Runtime Environment:
#
#  EXCEPTION_ACCESS_VIOLATION (0xc0000005) at pc=0x00007ff9f148deed, pid=13316, tid=22508
#
# JRE version: OpenJDK Runtime Environment Microsoft-12574459 (21.0.9+10) (build 21.0.9+10-LTS)
# Java VM: OpenJDK 64-Bit Server VM Microsoft-12574459 (21.0.9+10-LTS, mixed mode, sharing, tiered, compressed oops, compressed class ptrs, g1 gc, windows-amd64)
# Problematic frame:
# C  [lwjgl_opengl.dll+0xdeed]
#
# No core dump will be written. Minidumps are not enabled by default on client versions of Windows
#
# If you would like to submit a bug report, please visit:
#   https://github.com/microsoft/openjdk/issues
# The crash happened outside the Java Virtual Machine in native code.
# See problematic frame for where to report the bug.
#

---------------  S U M M A R Y ------------

Command Line: -Dfile.encoding=UTF-8 -Duser.country=IT -Duser.language=it -Duser.variant Main --stacktrace

Host: Intel(R) Core(TM) i7-14700F, 28 cores, 31G,  Windows 11 , 64 bit Build 26100 (10.0.26100.7920)
Time: Fri Apr 10 15:29:20 2026 ora legale Europa occidentale elapsed time: 0.331255 seconds (0d 0h 0m 0s)

---------------  T H R E A D  ---------------

Current thread (0x0000024212ff9430):  JavaThread "main"             [_thread_in_native, id=22508, stack(0x0000006b63000000,0x0000006b63100000) (1024K)]

Stack: [0x0000006b63000000,0x0000006b63100000],  sp=0x0000006b630ff1a8,  free space=1020k
Native frames: (J=compiled Java code, j=interpreted, Vv=VM code, C=native code)
C  [lwjgl_opengl.dll+0xdeed]  (no source info available)

Java frames: (J=compiled Java code, j=interpreted, Vv=VM code)
j  org.lwjgl.opengl.GL15C.nglDeleteBuffers(IJ)V+0
j  org.lwjgl.opengl.GL15C.glDeleteBuffers(I)V+20
j  org.lwjgl.opengl.GL15.glDeleteBuffers(I)V+1
j  imgui.gl3.ImGuiImplGl3.dispose()V+4
j  ui.ImGuiLayer.dispose()V+4
j  core.Engine.cleanup()V+11
j  core.Engine.run()V+17
j  Main.main([Ljava/lang/String;)V+7
v  ~StubRoutines::call_stub 0x0000024222b6100d

siginfo: EXCEPTION_ACCESS_VIOLATION (0xc0000005), reading address 0x0000000000000d90


Registers:
RAX=0x000002427a59b190, RBX=0x000002427b612788, RCX=0x0000000000000001, RDX=0x000002427a52eb2c
RSP=0x0000006b630ff1a8, RBP=0x0000006b630ff238, RSI=0x0000000000000000, RDI=0x0000000000000000
R8 =0x0000000000000001, R9 =0x000002427a52eb2c, R10=0x0000000000000000, R11=0x0000000621958980
R12=0x0000000000000000, R13=0x000002427b612788, R14=0x0000006b630ff268, R15=0x0000024212ff9430
RIP=0x00007ff9f148deed, EFLAGS=0x0000000000010202

XMM[0]=0x0000000000000000 0x0000000000000000
XMM[1]=0x00200022006e0077 0x006f006e006b006e
XMM[2]=0x0077002000640065 0x006c006900610066
XMM[3]=0x0074006100740073 0x0020006800740069
XMM[4]=0x0030006300780030 0x0020003a00730075
XMM[5]=0x446c676e5f433531 0x4c475f6c676e6570
XMM[6]=0x0000000000000000 0x0000000000000000
XMM[7]=0x0000000000000000 0x0000000000000000
XMM[8]=0x0000000000000000 0x0000000000000000
XMM[9]=0x0000000000000000 0x0000000000000000
XMM[10]=0x0000000000000000 0x0000000000000000
XMM[11]=0x0000000000000000 0x0000000000000000
XMM[12]=0x0000000000000000 0x0000000000000000
XMM[13]=0x0000000000000000 0x0000000000000000
XMM[14]=0x0000000000000000 0x0000000000000000
XMM[15]=0x0000000000000000 0x0000000000000000
  MXCSR=0x00001fa0


Register to memory mapping:

RAX=0x000002427a59b190 points into unknown readable memory: 0x0000000000000000 | 00 00 00 00 00 00 00 00
RBX={method} {0x000002427b612790} 'nglDeleteBuffers' '(IJ)V' in 'org/lwjgl/opengl/GL15C'
RCX=0x0000000000000001 is an unknown value
RDX=0x000002427a52eb2c points into unknown readable memory: 00 00 00 00
RSP=0x0000006b630ff1a8 is pointing into the stack for thread: 0x0000024212ff9430
RBP=0x0000006b630ff238 is pointing into the stack for thread: 0x0000024212ff9430
RSI=0x0 is null
RDI=0x0 is null
R8 =0x0000000000000001 is an unknown value
R9 =0x000002427a52eb2c points into unknown readable memory: 00 00 00 00
R10=0x0 is null
R11=0x0000000621958980 is an oop: java.lang.Class 
{0x0000000621958980} - klass: 'java/lang/Class'
 - ---- fields (total size 28 words):
 - private volatile transient 'classRedefinedCount' 'I' @12  0 (0x00000000)
 - injected 'klass' 'J' @16  2483464337400 (0x000002423a0277f8)
 - injected 'array_klass' 'J' @24  0 (0x0000000000000000)
 - injected 'oop_size' 'I' @32  28 (0x0000001c)
 - injected 'static_oop_field_count' 'I' @36  0 (0x00000000)
 - private volatile transient 'cachedConstructor' 'Ljava/lang/reflect/Constructor;' @40  null (0x00000000)
 - private transient 'name' 'Ljava/lang/String;' @44  "org.lwjgl.opengl.GL15C"{0x0000000621958a70} (0xc432b14e)
 - private transient 'module' 'Ljava/lang/Module;' @48  a 'java/lang/Module'{0x0000000622069910} (0xc440d322)
 - private final 'classLoader' 'Ljava/lang/ClassLoader;' @52  a 'jdk/internal/loader/ClassLoaders$AppClassLoader'{0x0000000622069750} (0xc440d2ea)
 - private transient 'classData' 'Ljava/lang/Object;' @56  null (0x00000000)
 - private transient 'packageName' 'Ljava/lang/String;' @60  "org.lwjgl.opengl"{0x0000000621804ec8} (0xc43009d9)
 - private final 'componentType' 'Ljava/lang/Class;' @64  null (0x00000000)
 - private volatile transient 'reflectionData' 'Ljava/lang/ref/SoftReference;' @68  null (0x00000000)
 - private volatile transient 'genericInfo' 'Lsun/reflect/generics/repository/ClassRepository;' @72  null (0x00000000)
 - private volatile transient 'enumConstants' '[Ljava/lang/Object;' @76  null (0x00000000)
 - private volatile transient 'enumConstantDirectory' 'Ljava/util/Map;' @80  null (0x00000000)
 - private volatile transient 'annotationData' 'Ljava/lang/Class$AnnotationData;' @84  null (0x00000000)
 - private volatile transient 'annotationType' 'Lsun/reflect/annotation/AnnotationType;' @88  null (0x00000000)
 - transient 'classValueMap' 'Ljava/lang/ClassValue$ClassValueMap;' @92  null (0x00000000)
 - injected 'protection_domain' 'Ljava/lang/Object;' @96  a 'java/security/ProtectionDomain'{0x0000000621811a70} (0xc430234e)
 - injected 'signers_name' 'Ljava/lang/Object;' @100  null (0x00000000)
 - injected 'source_file' 'Ljava/lang/Object;' @104  null (0x00000000)
 - injected '<init_lock>' 'Ljava/lang/Object;' @108  null (0x00000000)
 - signature: Lorg/lwjgl/opengl/GL15C;
 - ---- static fields (0):
 - public static final 'GL_SRC1_ALPHA' 'I' @112  34185 (0x00008589)
 - public static final 'GL_ARRAY_BUFFER' 'I' @116  34962 (0x00008892)
 - public static final 'GL_ELEMENT_ARRAY_BUFFER' 'I' @120  34963 (0x00008893)
 - public static final 'GL_ARRAY_BUFFER_BINDING' 'I' @124  34964 (0x00008894)
 - public static final 'GL_ELEMENT_ARRAY_BUFFER_BINDING' 'I' @128  34965 (0x00008895)
 - public static final 'GL_VERTEX_ATTRIB_ARRAY_BUFFER_BINDING' 'I' @132  34975 (0x0000889f)
 - public static final 'GL_STREAM_DRAW' 'I' @136  35040 (0x000088e0)
 - public static final 'GL_STREAM_READ' 'I' @140  35041 (0x000088e1)
 - public static final 'GL_STREAM_COPY' 'I' @144  35042 (0x000088e2)
 - public static final 'GL_STATIC_DRAW' 'I' @148  35044 (0x000088e4)
 - public static final 'GL_STATIC_READ' 'I' @152  35045 (0x000088e5)
 - public static final 'GL_STATIC_COPY' 'I' @156  35046 (0x000088e6)
 - public static final 'GL_DYNAMIC_DRAW' 'I' @160  35048 (0x000088e8)
 - public static final 'GL_DYNAMIC_READ' 'I' @164  35049 (0x000088e9)
 - public static final 'GL_DYNAMIC_COPY' 'I' @168  35050 (0x000088ea)
 - public static final 'GL_READ_ONLY' 'I' @172  35000 (0x000088b8)
 - public static final 'GL_WRITE_ONLY' 'I' @176  35001 (0x000088b9)
 - public static final 'GL_READ_WRITE' 'I' @180  35002 (0x000088ba)
 - public static final 'GL_BUFFER_SIZE' 'I' @184  34660 (0x00008764)
 - public static final 'GL_BUFFER_USAGE' 'I' @188  34661 (0x00008765)
 - public static final 'GL_BUFFER_ACCESS' 'I' @192  35003 (0x000088bb)
 - public static final 'GL_BUFFER_MAPPED' 'I' @196  35004 (0x000088bc)
 - public static final 'GL_BUFFER_MAP_POINTER' 'I' @200  35005 (0x000088bd)
 - public static final 'GL_SAMPLES_PASSED' 'I' @204  35092 (0x00008914)
 - public static final 'GL_QUERY_COUNTER_BITS' 'I' @208  34916 (0x00008864)
 - public static final 'GL_CURRENT_QUERY' 'I' @212  34917 (0x00008865)
 - public static final 'GL_QUERY_RESULT' 'I' @216  34918 (0x00008866)
 - public static final 'GL_QUERY_RESULT_AVAILABLE' 'I' @220  34919 (0x00008867)
R12=0x0 is null
R13={method} {0x000002427b612790} 'nglDeleteBuffers' '(IJ)V' in 'org/lwjgl/opengl/GL15C'
R14=0x0000006b630ff268 is pointing into the stack for thread: 0x0000024212ff9430
R15=0x0000024212ff9430 is a thread

Top of Stack: (sp=0x0000006b630ff1a8)
0x0000006b630ff1a8:   0000024222b6cd6b 0000000000000000
0x0000006b630ff1b8:   0000024222b6ca42 000002427b612788
0x0000006b630ff1c8:   0000000000000000 0000006b630ff1e8
0x0000006b630ff1d8:   0000006b630ff250 0000024222b6893e
0x0000006b630ff1e8:   0000024222b6c9ff 0000006b630ff1f0
0x0000006b630ff1f8:   000002427b612788 0000000000000006
0x0000006b630ff208:   000002427b6205f0 0000000000000000
0x0000006b630ff218:   0000000621958980 000002427b612788
0x0000006b630ff228:   0000000000000000 0000006b630ff258
0x0000006b630ff238:   0000006b630ff2b8 0000024222b68860
0x0000006b630ff248:   0000000621958980 0000024222b6a3d7
0x0000006b630ff258:   000002427a52eb2c 0000000000000000
0x0000006b630ff268:   0000000000000001 0000006b630ff270
0x0000006b630ff278:   000002427b6128f4 0000000000000006
0x0000006b630ff288:   000002427b6205f0 0000000000000000
0x0000006b630ff298:   0000000621958980 000002427b612968
0x0000006b630ff2a8:   0000006b630ff258 0000006b630ff2e8
0x0000006b630ff2b8:   0000006b630ff338 0000024222b68860
0x0000006b630ff2c8:   0000000000000000 0000000621958ae8
0x0000006b630ff2d8:   0000000000010000 0000000621e25508
0x0000006b630ff2e8:   0000000000000000 0000006b630ff2f0
0x0000006b630ff2f8:   000002427b5a6959 0000000000000002
0x0000006b630ff308:   000002427b610958 0000000000000000
0x0000006b630ff318:   00000006218d3838 000002427b5a6980
0x0000006b630ff328:   0000006b630ff2e8 0000006b630ff348
0x0000006b630ff338:   0000006b630ff398 0000024222b68860
0x0000006b630ff348:   0000000000000000 0000006b630ff350
0x0000006b630ff358:   000002427b4e98f4 0000000000000002
0x0000006b630ff368:   000002427b4eabb8 0000000000000000
0x0000006b630ff378:   0000000621ed3518 000002427b4e9948
0x0000006b630ff388:   0000006b630ff348 0000006b630ff3a8
0x0000006b630ff398:   0000006b630ff3f8 0000024222b68860 

Instructions: (pc=0x00007ff9f148deed)
0x00007ff9f148dded:   49 8b d1 4c 8b 4c 24 38 8b cb 4c 8b 50 18 8b 44
0x00007ff9f148ddfd:   24 40 89 44 24 30 5b 49 ff a2 50 0c 00 00 cc cc
0x00007ff9f148de0d:   cc cc cc 48 8b 01 0f 28 cb 41 8b c8 48 8b 50 18
0x00007ff9f148de1d:   48 ff a2 58 0c 00 00 cc cc cc cc cc cc cc cc cc
0x00007ff9f148de2d:   cc cc cc 48 8b 01 41 8b d1 41 8b c8 4c 8b 50 18
0x00007ff9f148de3d:   49 ff a2 60 0c 00 00 cc cc cc cc cc cc cc cc cc
0x00007ff9f148de4d:   cc cc cc 48 8b 01 49 8b d1 41 8b c8 4c 8b 50 18
0x00007ff9f148de5d:   49 ff a2 68 0c 00 00 cc cc cc cc cc cc cc cc cc
0x00007ff9f148de6d:   cc cc cc 48 8b 01 49 8b d1 41 8b c8 4c 8b 50 18
0x00007ff9f148de7d:   49 ff a2 70 0c 00 00 cc cc cc cc cc cc cc cc cc
0x00007ff9f148de8d:   cc cc cc 40 53 48 8b 01 41 8b d8 44 8b 44 24 30
0x00007ff9f148de9d:   41 8b d1 44 8b 4c 24 38 8b cb 4c 8b 50 18 5b 49
0x00007ff9f148dead:   ff a2 00 0d 00 00 cc cc cc cc cc cc cc cc cc cc
0x00007ff9f148debd:   cc cc cc 48 8b 01 41 8b d1 41 8b c8 4c 8b 50 18
0x00007ff9f148decd:   49 ff a2 88 0d 00 00 cc cc cc cc cc cc cc cc cc
0x00007ff9f148dedd:   cc cc cc 48 8b 01 49 8b d1 41 8b c8 4c 8b 50 18
0x00007ff9f148deed:   49 ff a2 90 0d 00 00 cc cc cc cc cc cc cc cc cc
0x00007ff9f148defd:   cc cc cc 48 8b 01 49 8b d1 41 8b c8 4c 8b 50 18
0x00007ff9f148df0d:   49 ff a2 98 0d 00 00 cc cc cc cc cc cc cc cc cc
0x00007ff9f148df1d:   cc cc cc 48 8b 01 48 8b 48 18 48 8b 81 a0 0d 00
0x00007ff9f148df2d:   00 41 8b c8 48 ff e0 cc cc cc cc cc cc cc cc cc
0x00007ff9f148df3d:   cc cc cc 40 53 48 8b 01 41 8b d8 4c 8b 44 24 30
0x00007ff9f148df4d:   49 8b d1 44 8b 4c 24 38 8b cb 4c 8b 50 18 5b 49
0x00007ff9f148df5d:   ff a2 a8 0d 00 00 cc cc cc cc cc cc cc cc cc cc
0x00007ff9f148df6d:   cc cc cc 40 53 48 8b 01 41 8b d8 4c 8b 44 24 30
0x00007ff9f148df7d:   49 8b d1 4c 8b 4c 24 38 8b cb 4c 8b 50 18 5b 49
0x00007ff9f148df8d:   ff a2 b0 0d 00 00 cc cc cc cc cc cc cc cc cc cc
0x00007ff9f148df9d:   cc cc cc 40 53 48 8b 01 41 8b d8 4c 8b 44 24 30
0x00007ff9f148dfad:   49 8b d1 4c 8b 4c 24 38 8b cb 4c 8b 50 18 5b 49
0x00007ff9f148dfbd:   ff a2 b8 0d 00 00 cc cc cc cc cc cc cc cc cc cc
0x00007ff9f148dfcd:   cc cc cc 48 8b 01 41 8b d1 48 8b 48 18 48 8b 81
0x00007ff9f148dfdd:   c0 0d 00 00 41 8b c8 48 ff e0 cc cc cc cc cc cc 


Stack slot to memory mapping:

stack at sp + 0 slots: 0x0000024222b6cd6b is at code_begin+1067 in an Interpreter codelet
native method entry point (kind = native)  [0x0000024222b6c940, 0x0000024222b6d398]  2648 bytes
stack at sp + 1 slots: 0x0 is null
stack at sp + 2 slots: 0x0000024222b6ca42 is at code_begin+258 in an Interpreter codelet
native method entry point (kind = native)  [0x0000024222b6c940, 0x0000024222b6d398]  2648 bytes
stack at sp + 3 slots: {method} {0x000002427b612790} 'nglDeleteBuffers' '(IJ)V' in 'org/lwjgl/opengl/GL15C'
stack at sp + 4 slots: 0x0 is null
stack at sp + 5 slots: 0x0000006b630ff1e8 is pointing into the stack for thread: 0x0000024212ff9430
stack at sp + 6 slots: 0x0000006b630ff250 is pointing into the stack for thread: 0x0000024212ff9430
stack at sp + 7 slots: 0x0000024222b6893e is at code_begin+1406 in an Interpreter codelet
return entry points  [0x0000024222b683c0, 0x0000024222b68f60]  2976 bytes


---------------  P R O C E S S  ---------------

Threads class SMR info:
_java_thread_list=0x000002427ab1db30, length=13, elements={
0x0000024212ff9430, 0x0000024237ab0040, 0x0000024237ab2ba0, 0x0000024237ab7170,
0x0000024237ab7e20, 0x0000024237abbc90, 0x000002427a082a90, 0x000002427a0917a0,
0x000002427a09f400, 0x000002427a09e660, 0x000002427a09ed30, 0x000002427a22d510,
0x000002427a231dc0
}

Java Threads: ( => current thread )
=>0x0000024212ff9430 JavaThread "main"                              [_thread_in_native, id=22508, stack(0x0000006b63000000,0x0000006b63100000) (1024K)]
  0x0000024237ab0040 JavaThread "Reference Handler"          daemon [_thread_blocked, id=4052, stack(0x0000006b63800000,0x0000006b63900000) (1024K)]
  0x0000024237ab2ba0 JavaThread "Finalizer"                  daemon [_thread_blocked, id=11652, stack(0x0000006b63900000,0x0000006b63a00000) (1024K)]
  0x0000024237ab7170 JavaThread "Signal Dispatcher"          daemon [_thread_blocked, id=24984, stack(0x0000006b63a00000,0x0000006b63b00000) (1024K)]
  0x0000024237ab7e20 JavaThread "Attach Listener"            daemon [_thread_blocked, id=17144, stack(0x0000006b63b00000,0x0000006b63c00000) (1024K)]
  0x0000024237abbc90 JavaThread "Service Thread"             daemon [_thread_blocked, id=7260, stack(0x0000006b63c00000,0x0000006b63d00000) (1024K)]
  0x000002427a082a90 JavaThread "Monitor Deflation Thread"   daemon [_thread_blocked, id=1700, stack(0x0000006b63d00000,0x0000006b63e00000) (1024K)]
  0x000002427a0917a0 JavaThread "C2 CompilerThread0"         daemon [_thread_blocked, id=20488, stack(0x0000006b63e00000,0x0000006b63f00000) (1024K)]
  0x000002427a09f400 JavaThread "C1 CompilerThread0"         daemon [_thread_blocked, id=10704, stack(0x0000006b63f00000,0x0000006b64000000) (1024K)]
  0x000002427a09e660 JavaThread "C1 CompilerThread1"         daemon [_thread_blocked, id=16792, stack(0x0000006b64000000,0x0000006b64100000) (1024K)]
  0x000002427a09ed30 JavaThread "C1 CompilerThread2"         daemon [_thread_blocked, id=25052, stack(0x0000006b64100000,0x0000006b64200000) (1024K)]
  0x000002427a22d510 JavaThread "Notification Thread"        daemon [_thread_blocked, id=21056, stack(0x0000006b64200000,0x0000006b64300000) (1024K)]
  0x000002427a231dc0 JavaThread "Common-Cleaner"             daemon [_thread_blocked, id=23984, stack(0x0000006b64300000,0x0000006b64400000) (1024K)]
Total: 13

Other Threads:
  0x0000024237a921e0 VMThread "VM Thread"                           [id=23796, stack(0x0000006b63700000,0x0000006b63800000) (1024K)]
  0x0000024237a802d0 WatcherThread "VM Periodic Task Thread"        [id=3152, stack(0x0000006b63600000,0x0000006b63700000) (1024K)]
  0x00000242130a5ad0 WorkerThread "GC Thread#0"                     [id=12088, stack(0x0000006b63100000,0x0000006b63200000) (1024K)]
  0x00000242130b80c0 ConcurrentGCThread "G1 Main Marker"            [id=7008, stack(0x0000006b63200000,0x0000006b63300000) (1024K)]
  0x00000242130b8bc0 WorkerThread "G1 Conc#0"                       [id=17160, stack(0x0000006b63300000,0x0000006b63400000) (1024K)]
  0x00000242379c18e0 ConcurrentGCThread "G1 Refine#0"               [id=25632, stack(0x0000006b63400000,0x0000006b63500000) (1024K)]
  0x00000242379c3300 ConcurrentGCThread "G1 Service"                [id=15632, stack(0x0000006b63500000,0x0000006b63600000) (1024K)]
Total: 7

Threads with active compile tasks:
Total: 0

VM state: not at safepoint (normal execution)

VM Mutex/Monitor currently owned by a thread: None

Heap address: 0x0000000602400000, size: 8156 MB, Compressed Oops mode: Zero based, Oop shift amount: 3

CDS archive(s) mapped at: [0x0000024239000000-0x0000024239c80000-0x0000024239c80000), size 13107200, SharedBaseAddress: 0x0000024239000000, ArchiveRelocationMode: 1.
Compressed class space mapped at: 0x000002423a000000-0x000002427a000000, reserved size: 1073741824
Narrow klass base: 0x0000024239000000, Narrow klass shift: 0, Narrow klass range: 0x100000000

GC Precious Log:
 CardTable entry size: 512
 Card Set container configuration: InlinePtr #cards 4 size 8 Array Of Cards #cards 32 size 80 Howl #buckets 8 coarsen threshold 7372 Howl Bitmap #cards 1024 size 144 coarsen threshold 921 Card regions per heap region 1 cards per card region 8192
 CPUs: 28 total, 28 available
 Memory: 32616M
 Large Page Support: Disabled
 NUMA Support: Disabled
 Compressed Oops: Enabled (Zero based)
 Heap Region Size: 4M
 Heap Min Capacity: 8M
 Heap Initial Capacity: 512M
 Heap Max Capacity: 8156M
 Pre-touch: Disabled
 Parallel Workers: 20
 Concurrent Workers: 5
 Concurrent Refinement Workers: 20
 Periodic GC: Disabled

Heap:
 garbage-first heap   total 524288K, used 8192K [0x0000000602400000, 0x0000000800000000)
  region size 4096K, 3 young (12288K), 0 survivors (0K)
 Metaspace       used 3947K, committed 4160K, reserved 1114112K
  class space    used 255K, committed 320K, reserved 1048576K

Heap Regions: E=young(eden), S=young(survivor), O=old, HS=humongous(starts), HC=humongous(continues), CS=collection set, F=free, TAMS=top-at-mark-start, PB=parsable bottom
|   0|0x0000000602400000, 0x0000000602400000, 0x0000000602800000|  0%| F|  |TAMS 0x0000000602400000| PB 0x0000000602400000| Untracked 
|   1|0x0000000602800000, 0x0000000602800000, 0x0000000602c00000|  0%| F|  |TAMS 0x0000000602800000| PB 0x0000000602800000| Untracked 
|   2|0x0000000602c00000, 0x0000000602c00000, 0x0000000603000000|  0%| F|  |TAMS 0x0000000602c00000| PB 0x0000000602c00000| Untracked 
|   3|0x0000000603000000, 0x0000000603000000, 0x0000000603400000|  0%| F|  |TAMS 0x0000000603000000| PB 0x0000000603000000| Untracked 
|   4|0x0000000603400000, 0x0000000603400000, 0x0000000603800000|  0%| F|  |TAMS 0x0000000603400000| PB 0x0000000603400000| Untracked 
|   5|0x0000000603800000, 0x0000000603800000, 0x0000000603c00000|  0%| F|  |TAMS 0x0000000603800000| PB 0x0000000603800000| Untracked 
|   6|0x0000000603c00000, 0x0000000603c00000, 0x0000000604000000|  0%| F|  |TAMS 0x0000000603c00000| PB 0x0000000603c00000| Untracked 
|   7|0x0000000604000000, 0x0000000604000000, 0x0000000604400000|  0%| F|  |TAMS 0x0000000604000000| PB 0x0000000604000000| Untracked 
|   8|0x0000000604400000, 0x0000000604400000, 0x0000000604800000|  0%| F|  |TAMS 0x0000000604400000| PB 0x0000000604400000| Untracked 
|   9|0x0000000604800000, 0x0000000604800000, 0x0000000604c00000|  0%| F|  |TAMS 0x0000000604800000| PB 0x0000000604800000| Untracked 
|  10|0x0000000604c00000, 0x0000000604c00000, 0x0000000605000000|  0%| F|  |TAMS 0x0000000604c00000| PB 0x0000000604c00000| Untracked 
|  11|0x0000000605000000, 0x0000000605000000, 0x0000000605400000|  0%| F|  |TAMS 0x0000000605000000| PB 0x0000000605000000| Untracked 
|  12|0x0000000605400000, 0x0000000605400000, 0x0000000605800000|  0%| F|  |TAMS 0x0000000605400000| PB 0x0000000605400000| Untracked 
|  13|0x0000000605800000, 0x0000000605800000, 0x0000000605c00000|  0%| F|  |TAMS 0x0000000605800000| PB 0x0000000605800000| Untracked 
|  14|0x0000000605c00000, 0x0000000605c00000, 0x0000000606000000|  0%| F|  |TAMS 0x0000000605c00000| PB 0x0000000605c00000| Untracked 
|  15|0x0000000606000000, 0x0000000606000000, 0x0000000606400000|  0%| F|  |TAMS 0x0000000606000000| PB 0x0000000606000000| Untracked 
|  16|0x0000000606400000, 0x0000000606400000, 0x0000000606800000|  0%| F|  |TAMS 0x0000000606400000| PB 0x0000000606400000| Untracked 
|  17|0x0000000606800000, 0x0000000606800000, 0x0000000606c00000|  0%| F|  |TAMS 0x0000000606800000| PB 0x0000000606800000| Untracked 
|  18|0x0000000606c00000, 0x0000000606c00000, 0x0000000607000000|  0%| F|  |TAMS 0x0000000606c00000| PB 0x0000000606c00000| Untracked 
|  19|0x0000000607000000, 0x0000000607000000, 0x0000000607400000|  0%| F|  |TAMS 0x0000000607000000| PB 0x0000000607000000| Untracked 
|  20|0x0000000607400000, 0x0000000607400000, 0x0000000607800000|  0%| F|  |TAMS 0x0000000607400000| PB 0x0000000607400000| Untracked 
|  21|0x0000000607800000, 0x0000000607800000, 0x0000000607c00000|  0%| F|  |TAMS 0x0000000607800000| PB 0x0000000607800000| Untracked 
|  22|0x0000000607c00000, 0x0000000607c00000, 0x0000000608000000|  0%| F|  |TAMS 0x0000000607c00000| PB 0x0000000607c00000| Untracked 
|  23|0x0000000608000000, 0x0000000608000000, 0x0000000608400000|  0%| F|  |TAMS 0x0000000608000000| PB 0x0000000608000000| Untracked 
|  24|0x0000000608400000, 0x0000000608400000, 0x0000000608800000|  0%| F|  |TAMS 0x0000000608400000| PB 0x0000000608400000| Untracked 
|  25|0x0000000608800000, 0x0000000608800000, 0x0000000608c00000|  0%| F|  |TAMS 0x0000000608800000| PB 0x0000000608800000| Untracked 
|  26|0x0000000608c00000, 0x0000000608c00000, 0x0000000609000000|  0%| F|  |TAMS 0x0000000608c00000| PB 0x0000000608c00000| Untracked 
|  27|0x0000000609000000, 0x0000000609000000, 0x0000000609400000|  0%| F|  |TAMS 0x0000000609000000| PB 0x0000000609000000| Untracked 
|  28|0x0000000609400000, 0x0000000609400000, 0x0000000609800000|  0%| F|  |TAMS 0x0000000609400000| PB 0x0000000609400000| Untracked 
|  29|0x0000000609800000, 0x0000000609800000, 0x0000000609c00000|  0%| F|  |TAMS 0x0000000609800000| PB 0x0000000609800000| Untracked 
|  30|0x0000000609c00000, 0x0000000609c00000, 0x000000060a000000|  0%| F|  |TAMS 0x0000000609c00000| PB 0x0000000609c00000| Untracked 
|  31|0x000000060a000000, 0x000000060a000000, 0x000000060a400000|  0%| F|  |TAMS 0x000000060a000000| PB 0x000000060a000000| Untracked 
|  32|0x000000060a400000, 0x000000060a400000, 0x000000060a800000|  0%| F|  |TAMS 0x000000060a400000| PB 0x000000060a400000| Untracked 
|  33|0x000000060a800000, 0x000000060a800000, 0x000000060ac00000|  0%| F|  |TAMS 0x000000060a800000| PB 0x000000060a800000| Untracked 
|  34|0x000000060ac00000, 0x000000060ac00000, 0x000000060b000000|  0%| F|  |TAMS 0x000000060ac00000| PB 0x000000060ac00000| Untracked 
|  35|0x000000060b000000, 0x000000060b000000, 0x000000060b400000|  0%| F|  |TAMS 0x000000060b000000| PB 0x000000060b000000| Untracked 
|  36|0x000000060b400000, 0x000000060b400000, 0x000000060b800000|  0%| F|  |TAMS 0x000000060b400000| PB 0x000000060b400000| Untracked 
|  37|0x000000060b800000, 0x000000060b800000, 0x000000060bc00000|  0%| F|  |TAMS 0x000000060b800000| PB 0x000000060b800000| Untracked 
|  38|0x000000060bc00000, 0x000000060bc00000, 0x000000060c000000|  0%| F|  |TAMS 0x000000060bc00000| PB 0x000000060bc00000| Untracked 
|  39|0x000000060c000000, 0x000000060c000000, 0x000000060c400000|  0%| F|  |TAMS 0x000000060c000000| PB 0x000000060c000000| Untracked 
|  40|0x000000060c400000, 0x000000060c400000, 0x000000060c800000|  0%| F|  |TAMS 0x000000060c400000| PB 0x000000060c400000| Untracked 
|  41|0x000000060c800000, 0x000000060c800000, 0x000000060cc00000|  0%| F|  |TAMS 0x000000060c800000| PB 0x000000060c800000| Untracked 
|  42|0x000000060cc00000, 0x000000060cc00000, 0x000000060d000000|  0%| F|  |TAMS 0x000000060cc00000| PB 0x000000060cc00000| Untracked 
|  43|0x000000060d000000, 0x000000060d000000, 0x000000060d400000|  0%| F|  |TAMS 0x000000060d000000| PB 0x000000060d000000| Untracked 
|  44|0x000000060d400000, 0x000000060d400000, 0x000000060d800000|  0%| F|  |TAMS 0x000000060d400000| PB 0x000000060d400000| Untracked 
|  45|0x000000060d800000, 0x000000060d800000, 0x000000060dc00000|  0%| F|  |TAMS 0x000000060d800000| PB 0x000000060d800000| Untracked 
|  46|0x000000060dc00000, 0x000000060dc00000, 0x000000060e000000|  0%| F|  |TAMS 0x000000060dc00000| PB 0x000000060dc00000| Untracked 
|  47|0x000000060e000000, 0x000000060e000000, 0x000000060e400000|  0%| F|  |TAMS 0x000000060e000000| PB 0x000000060e000000| Untracked 
|  48|0x000000060e400000, 0x000000060e400000, 0x000000060e800000|  0%| F|  |TAMS 0x000000060e400000| PB 0x000000060e400000| Untracked 
|  49|0x000000060e800000, 0x000000060e800000, 0x000000060ec00000|  0%| F|  |TAMS 0x000000060e800000| PB 0x000000060e800000| Untracked 
|  50|0x000000060ec00000, 0x000000060ec00000, 0x000000060f000000|  0%| F|  |TAMS 0x000000060ec00000| PB 0x000000060ec00000| Untracked 
|  51|0x000000060f000000, 0x000000060f000000, 0x000000060f400000|  0%| F|  |TAMS 0x000000060f000000| PB 0x000000060f000000| Untracked 
|  52|0x000000060f400000, 0x000000060f400000, 0x000000060f800000|  0%| F|  |TAMS 0x000000060f400000| PB 0x000000060f400000| Untracked 
|  53|0x000000060f800000, 0x000000060f800000, 0x000000060fc00000|  0%| F|  |TAMS 0x000000060f800000| PB 0x000000060f800000| Untracked 
|  54|0x000000060fc00000, 0x000000060fc00000, 0x0000000610000000|  0%| F|  |TAMS 0x000000060fc00000| PB 0x000000060fc00000| Untracked 
|  55|0x0000000610000000, 0x0000000610000000, 0x0000000610400000|  0%| F|  |TAMS 0x0000000610000000| PB 0x0000000610000000| Untracked 
|  56|0x0000000610400000, 0x0000000610400000, 0x0000000610800000|  0%| F|  |TAMS 0x0000000610400000| PB 0x0000000610400000| Untracked 
|  57|0x0000000610800000, 0x0000000610800000, 0x0000000610c00000|  0%| F|  |TAMS 0x0000000610800000| PB 0x0000000610800000| Untracked 
|  58|0x0000000610c00000, 0x0000000610c00000, 0x0000000611000000|  0%| F|  |TAMS 0x0000000610c00000| PB 0x0000000610c00000| Untracked 
|  59|0x0000000611000000, 0x0000000611000000, 0x0000000611400000|  0%| F|  |TAMS 0x0000000611000000| PB 0x0000000611000000| Untracked 
|  60|0x0000000611400000, 0x0000000611400000, 0x0000000611800000|  0%| F|  |TAMS 0x0000000611400000| PB 0x0000000611400000| Untracked 
|  61|0x0000000611800000, 0x0000000611800000, 0x0000000611c00000|  0%| F|  |TAMS 0x0000000611800000| PB 0x0000000611800000| Untracked 
|  62|0x0000000611c00000, 0x0000000611c00000, 0x0000000612000000|  0%| F|  |TAMS 0x0000000611c00000| PB 0x0000000611c00000| Untracked 
|  63|0x0000000612000000, 0x0000000612000000, 0x0000000612400000|  0%| F|  |TAMS 0x0000000612000000| PB 0x0000000612000000| Untracked 
|  64|0x0000000612400000, 0x0000000612400000, 0x0000000612800000|  0%| F|  |TAMS 0x0000000612400000| PB 0x0000000612400000| Untracked 
|  65|0x0000000612800000, 0x0000000612800000, 0x0000000612c00000|  0%| F|  |TAMS 0x0000000612800000| PB 0x0000000612800000| Untracked 
|  66|0x0000000612c00000, 0x0000000612c00000, 0x0000000613000000|  0%| F|  |TAMS 0x0000000612c00000| PB 0x0000000612c00000| Untracked 
|  67|0x0000000613000000, 0x0000000613000000, 0x0000000613400000|  0%| F|  |TAMS 0x0000000613000000| PB 0x0000000613000000| Untracked 
|  68|0x0000000613400000, 0x0000000613400000, 0x0000000613800000|  0%| F|  |TAMS 0x0000000613400000| PB 0x0000000613400000| Untracked 
|  69|0x0000000613800000, 0x0000000613800000, 0x0000000613c00000|  0%| F|  |TAMS 0x0000000613800000| PB 0x0000000613800000| Untracked 
|  70|0x0000000613c00000, 0x0000000613c00000, 0x0000000614000000|  0%| F|  |TAMS 0x0000000613c00000| PB 0x0000000613c00000| Untracked 
|  71|0x0000000614000000, 0x0000000614000000, 0x0000000614400000|  0%| F|  |TAMS 0x0000000614000000| PB 0x0000000614000000| Untracked 
|  72|0x0000000614400000, 0x0000000614400000, 0x0000000614800000|  0%| F|  |TAMS 0x0000000614400000| PB 0x0000000614400000| Untracked 
|  73|0x0000000614800000, 0x0000000614800000, 0x0000000614c00000|  0%| F|  |TAMS 0x0000000614800000| PB 0x0000000614800000| Untracked 
|  74|0x0000000614c00000, 0x0000000614c00000, 0x0000000615000000|  0%| F|  |TAMS 0x0000000614c00000| PB 0x0000000614c00000| Untracked 
|  75|0x0000000615000000, 0x0000000615000000, 0x0000000615400000|  0%| F|  |TAMS 0x0000000615000000| PB 0x0000000615000000| Untracked 
|  76|0x0000000615400000, 0x0000000615400000, 0x0000000615800000|  0%| F|  |TAMS 0x0000000615400000| PB 0x0000000615400000| Untracked 
|  77|0x0000000615800000, 0x0000000615800000, 0x0000000615c00000|  0%| F|  |TAMS 0x0000000615800000| PB 0x0000000615800000| Untracked 
|  78|0x0000000615c00000, 0x0000000615c00000, 0x0000000616000000|  0%| F|  |TAMS 0x0000000615c00000| PB 0x0000000615c00000| Untracked 
|  79|0x0000000616000000, 0x0000000616000000, 0x0000000616400000|  0%| F|  |TAMS 0x0000000616000000| PB 0x0000000616000000| Untracked 
|  80|0x0000000616400000, 0x0000000616400000, 0x0000000616800000|  0%| F|  |TAMS 0x0000000616400000| PB 0x0000000616400000| Untracked 
|  81|0x0000000616800000, 0x0000000616800000, 0x0000000616c00000|  0%| F|  |TAMS 0x0000000616800000| PB 0x0000000616800000| Untracked 
|  82|0x0000000616c00000, 0x0000000616c00000, 0x0000000617000000|  0%| F|  |TAMS 0x0000000616c00000| PB 0x0000000616c00000| Untracked 
|  83|0x0000000617000000, 0x0000000617000000, 0x0000000617400000|  0%| F|  |TAMS 0x0000000617000000| PB 0x0000000617000000| Untracked 
|  84|0x0000000617400000, 0x0000000617400000, 0x0000000617800000|  0%| F|  |TAMS 0x0000000617400000| PB 0x0000000617400000| Untracked 
|  85|0x0000000617800000, 0x0000000617800000, 0x0000000617c00000|  0%| F|  |TAMS 0x0000000617800000| PB 0x0000000617800000| Untracked 
|  86|0x0000000617c00000, 0x0000000617c00000, 0x0000000618000000|  0%| F|  |TAMS 0x0000000617c00000| PB 0x0000000617c00000| Untracked 
|  87|0x0000000618000000, 0x0000000618000000, 0x0000000618400000|  0%| F|  |TAMS 0x0000000618000000| PB 0x0000000618000000| Untracked 
|  88|0x0000000618400000, 0x0000000618400000, 0x0000000618800000|  0%| F|  |TAMS 0x0000000618400000| PB 0x0000000618400000| Untracked 
|  89|0x0000000618800000, 0x0000000618800000, 0x0000000618c00000|  0%| F|  |TAMS 0x0000000618800000| PB 0x0000000618800000| Untracked 
|  90|0x0000000618c00000, 0x0000000618c00000, 0x0000000619000000|  0%| F|  |TAMS 0x0000000618c00000| PB 0x0000000618c00000| Untracked 
|  91|0x0000000619000000, 0x0000000619000000, 0x0000000619400000|  0%| F|  |TAMS 0x0000000619000000| PB 0x0000000619000000| Untracked 
|  92|0x0000000619400000, 0x0000000619400000, 0x0000000619800000|  0%| F|  |TAMS 0x0000000619400000| PB 0x0000000619400000| Untracked 
|  93|0x0000000619800000, 0x0000000619800000, 0x0000000619c00000|  0%| F|  |TAMS 0x0000000619800000| PB 0x0000000619800000| Untracked 
|  94|0x0000000619c00000, 0x0000000619c00000, 0x000000061a000000|  0%| F|  |TAMS 0x0000000619c00000| PB 0x0000000619c00000| Untracked 
|  95|0x000000061a000000, 0x000000061a000000, 0x000000061a400000|  0%| F|  |TAMS 0x000000061a000000| PB 0x000000061a000000| Untracked 
|  96|0x000000061a400000, 0x000000061a400000, 0x000000061a800000|  0%| F|  |TAMS 0x000000061a400000| PB 0x000000061a400000| Untracked 
|  97|0x000000061a800000, 0x000000061a800000, 0x000000061ac00000|  0%| F|  |TAMS 0x000000061a800000| PB 0x000000061a800000| Untracked 
|  98|0x000000061ac00000, 0x000000061ac00000, 0x000000061b000000|  0%| F|  |TAMS 0x000000061ac00000| PB 0x000000061ac00000| Untracked 
|  99|0x000000061b000000, 0x000000061b000000, 0x000000061b400000|  0%| F|  |TAMS 0x000000061b000000| PB 0x000000061b000000| Untracked 
| 100|0x000000061b400000, 0x000000061b400000, 0x000000061b800000|  0%| F|  |TAMS 0x000000061b400000| PB 0x000000061b400000| Untracked 
| 101|0x000000061b800000, 0x000000061b800000, 0x000000061bc00000|  0%| F|  |TAMS 0x000000061b800000| PB 0x000000061b800000| Untracked 
| 102|0x000000061bc00000, 0x000000061bc00000, 0x000000061c000000|  0%| F|  |TAMS 0x000000061bc00000| PB 0x000000061bc00000| Untracked 
| 103|0x000000061c000000, 0x000000061c000000, 0x000000061c400000|  0%| F|  |TAMS 0x000000061c000000| PB 0x000000061c000000| Untracked 
| 104|0x000000061c400000, 0x000000061c400000, 0x000000061c800000|  0%| F|  |TAMS 0x000000061c400000| PB 0x000000061c400000| Untracked 
| 105|0x000000061c800000, 0x000000061c800000, 0x000000061cc00000|  0%| F|  |TAMS 0x000000061c800000| PB 0x000000061c800000| Untracked 
| 106|0x000000061cc00000, 0x000000061cc00000, 0x000000061d000000|  0%| F|  |TAMS 0x000000061cc00000| PB 0x000000061cc00000| Untracked 
| 107|0x000000061d000000, 0x000000061d000000, 0x000000061d400000|  0%| F|  |TAMS 0x000000061d000000| PB 0x000000061d000000| Untracked 
| 108|0x000000061d400000, 0x000000061d400000, 0x000000061d800000|  0%| F|  |TAMS 0x000000061d400000| PB 0x000000061d400000| Untracked 
| 109|0x000000061d800000, 0x000000061d800000, 0x000000061dc00000|  0%| F|  |TAMS 0x000000061d800000| PB 0x000000061d800000| Untracked 
| 110|0x000000061dc00000, 0x000000061dc00000, 0x000000061e000000|  0%| F|  |TAMS 0x000000061dc00000| PB 0x000000061dc00000| Untracked 
| 111|0x000000061e000000, 0x000000061e000000, 0x000000061e400000|  0%| F|  |TAMS 0x000000061e000000| PB 0x000000061e000000| Untracked 
| 112|0x000000061e400000, 0x000000061e400000, 0x000000061e800000|  0%| F|  |TAMS 0x000000061e400000| PB 0x000000061e400000| Untracked 
| 113|0x000000061e800000, 0x000000061e800000, 0x000000061ec00000|  0%| F|  |TAMS 0x000000061e800000| PB 0x000000061e800000| Untracked 
| 114|0x000000061ec00000, 0x000000061ec00000, 0x000000061f000000|  0%| F|  |TAMS 0x000000061ec00000| PB 0x000000061ec00000| Untracked 
| 115|0x000000061f000000, 0x000000061f000000, 0x000000061f400000|  0%| F|  |TAMS 0x000000061f000000| PB 0x000000061f000000| Untracked 
| 116|0x000000061f400000, 0x000000061f400000, 0x000000061f800000|  0%| F|  |TAMS 0x000000061f400000| PB 0x000000061f400000| Untracked 
| 117|0x000000061f800000, 0x000000061f800000, 0x000000061fc00000|  0%| F|  |TAMS 0x000000061f800000| PB 0x000000061f800000| Untracked 
| 118|0x000000061fc00000, 0x000000061fc00000, 0x0000000620000000|  0%| F|  |TAMS 0x000000061fc00000| PB 0x000000061fc00000| Untracked 
| 119|0x0000000620000000, 0x0000000620000000, 0x0000000620400000|  0%| F|  |TAMS 0x0000000620000000| PB 0x0000000620000000| Untracked 
| 120|0x0000000620400000, 0x0000000620400000, 0x0000000620800000|  0%| F|  |TAMS 0x0000000620400000| PB 0x0000000620400000| Untracked 
| 121|0x0000000620800000, 0x0000000620800000, 0x0000000620c00000|  0%| F|  |TAMS 0x0000000620800000| PB 0x0000000620800000| Untracked 
| 122|0x0000000620c00000, 0x0000000620c00000, 0x0000000621000000|  0%| F|  |TAMS 0x0000000620c00000| PB 0x0000000620c00000| Untracked 
| 123|0x0000000621000000, 0x0000000621000000, 0x0000000621400000|  0%| F|  |TAMS 0x0000000621000000| PB 0x0000000621000000| Untracked 
| 124|0x0000000621400000, 0x0000000621400000, 0x0000000621800000|  0%| F|  |TAMS 0x0000000621400000| PB 0x0000000621400000| Untracked 
| 125|0x0000000621800000, 0x00000006219758e0, 0x0000000621c00000| 36%| E|  |TAMS 0x0000000621800000| PB 0x0000000621800000| Complete 
| 126|0x0000000621c00000, 0x0000000622000000, 0x0000000622000000|100%| E|CS|TAMS 0x0000000621c00000| PB 0x0000000621c00000| Complete 
| 127|0x0000000622000000, 0x0000000622400000, 0x0000000622400000|100%| E|CS|TAMS 0x0000000622000000| PB 0x0000000622000000| Complete 

Card table byte_map: [0x000002422c700000,0x000002422d6f0000] _byte_map_base: 0x00000242296ee000

Marking Bits: (CMBitMap*) 0x00000242130a69e0
 Bits: [0x000002422d6f0000, 0x0000024235660000)

Polling page: 0x0000024210a10000

Metaspace:

Usage:
  Non-class:      3.61 MB used.
      Class:    255.38 KB used.
       Both:      3.86 MB used.

Virtual space:
  Non-class space:       64.00 MB reserved,       3.75 MB (  6%) committed,  1 nodes.
      Class space:        1.00 GB reserved,     320.00 KB ( <1%) committed,  1 nodes.
             Both:        1.06 GB reserved,       4.06 MB ( <1%) committed. 

Chunk freelists:
   Non-Class:  9.86 MB
       Class:  15.60 MB
        Both:  25.46 MB

MaxMetaspaceSize: unlimited
CompressedClassSpaceSize: 1.00 GB
Initial GC threshold: 21.00 MB
Current GC threshold: 21.00 MB
CDS: on
 - commit_granule_bytes: 65536.
 - commit_granule_words: 8192.
 - virtual_space_node_default_size: 8388608.
 - enlarge_chunks_in_place: 1.
 - use_allocation_guard: 0.


Internal statistics:

num_allocs_failed_limit: 0.
num_arena_births: 70.
num_arena_deaths: 0.
num_vsnodes_births: 2.
num_vsnodes_deaths: 0.
num_space_committed: 65.
num_space_uncommitted: 0.
num_chunks_returned_to_freelist: 0.
num_chunks_taken_from_freelist: 177.
num_chunk_merges: 0.
num_chunk_splits: 120.
num_chunks_enlarged: 87.
num_inconsistent_stats: 0.

CodeHeap 'non-profiled nmethods': size=119168Kb used=206Kb max_used=206Kb free=118961Kb
 bounds [0x00000242232b0000, 0x0000024223520000, 0x000002422a710000]
CodeHeap 'profiled nmethods': size=119104Kb used=1209Kb max_used=1209Kb free=117895Kb
 bounds [0x000002421b710000, 0x000002421b980000, 0x0000024222b60000]
CodeHeap 'non-nmethods': size=7488Kb used=3212Kb max_used=3227Kb free=4275Kb
 bounds [0x0000024222b60000, 0x0000024222e90000, 0x00000242232b0000]
CodeCache: size=245760Kb, used=4627Kb, max_used=4642Kb, free=241131Kb
 total_blobs=1967, nmethods=734, adapters=1136, full_count=0
Compilation: enabled, stopped_count=0, restarted_count=0

Compilation events (20 events):
Event: 0.322 Thread 0x000002427a09f400 nmethod 723 0x000002421b835f90 code [0x000002421b836200, 0x000002421b836b30]
Event: 0.322 Thread 0x000002427a09f400  725       3       sun.nio.ch.FileDispatcherImpl::read (8 bytes)
Event: 0.322 Thread 0x000002427a09f400 nmethod 725 0x000002421b836f10 code [0x000002421b8370c0, 0x000002421b837200]
Event: 0.322 Thread 0x000002427a09f400  726       3       java.nio.HeapByteBuffer::put (12 bytes)
Event: 0.322 Thread 0x000002427a09ed30 nmethod 721 0x000002421b837290 code [0x000002421b8375e0, 0x000002421b8386d0]
Event: 0.322 Thread 0x000002427a09f400 nmethod 726 0x000002421b839010 code [0x000002421b839200, 0x000002421b8396c0]
Event: 0.322 Thread 0x000002427a09e660 nmethod 724 0x000002421b839890 code [0x000002421b839be0, 0x000002421b83afe8]
Event: 0.322 Thread 0x000002427a0917a0  728   !   4       java.nio.DirectByteBuffer::get (34 bytes)
Event: 0.323 Thread 0x000002427a09f400  729       3       java.lang.CharacterData::of (136 bytes)
Event: 0.323 Thread 0x000002427a09f400 nmethod 729 0x000002421b83b910 code [0x000002421b83bb60, 0x000002421b83c4a0]
Event: 0.323 Thread 0x000002427a0917a0 nmethod 728 0x00000242232e2690 code [0x00000242232e2820, 0x00000242232e2920]
Event: 0.323 Thread 0x000002427a09e660  730       3       jdk.internal.jimage.ImageLocation::verify (218 bytes)
Event: 0.324 Thread 0x000002427a09e660 nmethod 730 0x000002421b83c710 code [0x000002421b83c9c0, 0x000002421b83d678]
Event: 0.324 Thread 0x000002427a09e660  731       3       sun.misc.Unsafe::putLong (11 bytes)
Event: 0.324 Thread 0x000002427a09ed30  732       3       org.lwjgl.system.MemoryUtil::memPutAddress (29 bytes)
Event: 0.324 Thread 0x000002427a09e660 nmethod 731 0x000002421b83dc10 code [0x000002421b83dda0, 0x000002421b83deb0]
Event: 0.324 Thread 0x000002427a0917a0  733       4       java.lang.Integer::toUnsignedLong (7 bytes)
Event: 0.324 Thread 0x000002427a09ed30 nmethod 732 0x000002421b83df90 code [0x000002421b83e140, 0x000002421b83e338]
Event: 0.324 Thread 0x000002427a0917a0 nmethod 733 0x00000242232e2a10 code [0x00000242232e2b80, 0x00000242232e2be8]
Event: 0.326 Thread 0x000002427a0917a0  734       4       java.lang.AbstractStringBuilder::append (45 bytes)

GC Heap History (0 events):
No events

Dll operation events (9 events):
Event: 0.004 Loaded shared library C:\Users\Manue\.jdks\ms-21.0.9\bin\java.dll
Event: 0.019 Loaded shared library C:\Users\Manue\.jdks\ms-21.0.9\bin\jsvml.dll
Event: 0.032 Loaded shared library C:\Users\Manue\.jdks\ms-21.0.9\bin\net.dll
Event: 0.033 Loaded shared library C:\Users\Manue\.jdks\ms-21.0.9\bin\nio.dll
Event: 0.034 Loaded shared library C:\Users\Manue\.jdks\ms-21.0.9\bin\zip.dll
Event: 0.057 Loaded shared library C:\Users\Manue\.jdks\ms-21.0.9\bin\jimage.dll
Event: 0.068 Loaded shared library C:\Users\Manue\AppData\Local\Temp\lwjgl_Manue\3.3.3+5\x64\lwjgl.dll
Event: 0.295 Loaded shared library C:\Users\Manue\AppData\Local\Temp\imgui-java-natives\1.86.11\imgui-java64.dll
Event: 0.322 Loaded shared library C:\Users\Manue\AppData\Local\Temp\lwjgl_Manue\3.3.3+5\x64\lwjgl_opengl.dll

Deoptimization events (4 events):
Event: 0.101 Thread 0x0000024212ff9430 DEOPT PACKING pc=0x000002421b72eacc sp=0x0000006b630fd860
Event: 0.101 Thread 0x0000024212ff9430 DEOPT UNPACKING pc=0x0000024222bb4bc2 sp=0x0000006b630fcc80 mode 0
Event: 0.120 Thread 0x0000024212ff9430 DEOPT PACKING pc=0x000002421b7192cc sp=0x0000006b630fe0c0
Event: 0.120 Thread 0x0000024212ff9430 DEOPT UNPACKING pc=0x0000024222bb4bc2 sp=0x0000006b630fd528 mode 0

Classes loaded (20 events):
Event: 0.116 Loading class java/nio/InvalidMarkException
Event: 0.116 Loading class java/nio/InvalidMarkException done
Event: 0.116 Loading class java/nio/BufferUnderflowException
Event: 0.116 Loading class java/nio/BufferUnderflowException done
Event: 0.118 Loading class java/lang/IndexOutOfBoundsException
Event: 0.118 Loading class java/lang/IndexOutOfBoundsException done
Event: 0.265 Loading class java/io/UncheckedIOException
Event: 0.265 Loading class java/io/UncheckedIOException done
Event: 0.265 Loading class java/nio/file/AccessDeniedException
Event: 0.265 Loading class java/nio/file/AccessDeniedException done
Event: 0.268 Loading class java/nio/file/StandardCopyOption
Event: 0.268 Loading class java/nio/file/StandardCopyOption done
Event: 0.269 Loading class jdk/internal/foreign/MemorySessionImpl
Event: 0.269 Loading class java/lang/foreign/MemorySegment$Scope
Event: 0.269 Loading class java/lang/foreign/MemorySegment$Scope done
Event: 0.269 Loading class jdk/internal/foreign/MemorySessionImpl done
Event: 0.306 Loading class java/util/Formatter$FixedString
Event: 0.306 Loading class java/util/Formatter$FixedString done
Event: 0.325 Loading class java/lang/ExceptionInInitializerError
Event: 0.325 Loading class java/lang/ExceptionInInitializerError done

Classes unloaded (0 events):
No events

Classes redefined (0 events):
No events

Internal exceptions (20 events):
Event: 0.054 Thread 0x0000024212ff9430 Exception <a 'java/lang/NoSuchMethodError'{0x0000000621caca58}: 'void java.lang.invoke.DelegatingMethodHandle$Holder.delegate(java.lang.Object, java.lang.Object, int, java.lang.Object)'> (0x0000000621caca58) 
thrown [s\src\hotspot\share\interpreter\linkResolver.cpp, line 773]
Event: 0.054 Thread 0x0000024212ff9430 Exception <a 'java/lang/NoSuchMethodError'{0x0000000621cb0a80}: 'int java.lang.invoke.DirectMethodHandle$Holder.invokeSpecial(java.lang.Object, java.lang.Object, java.lang.Object)'> (0x0000000621cb0a80) 
thrown [s\src\hotspot\share\interpreter\linkResolver.cpp, line 773]
Event: 0.056 Thread 0x0000024212ff9430 Exception <a 'java/lang/NoSuchMethodError'{0x0000000621ccb4c8}: 'void java.lang.System.loadLibrary(java.lang.String, java.lang.Class)'> (0x0000000621ccb4c8) 
thrown [s\src\hotspot\share\interpreter\linkResolver.cpp, line 773]
Event: 0.067 Thread 0x0000024212ff9430 Exception <a 'sun/nio/fs/WindowsException'{0x0000000621d01848}> (0x0000000621d01848) 
thrown [s\src\hotspot\share\prims\jni.cpp, line 520]
Event: 0.068 Thread 0x0000024212ff9430 Exception <a 'sun/nio/fs/WindowsException'{0x0000000621d01d98}> (0x0000000621d01d98) 
thrown [s\src\hotspot\share\prims\jni.cpp, line 520]
Event: 0.101 Thread 0x0000024212ff9430 Exception <a 'sun/nio/fs/WindowsException'{0x0000000621d8a7d8}> (0x0000000621d8a7d8) 
thrown [s\src\hotspot\share\prims\jni.cpp, line 520]
Event: 0.101 Thread 0x0000024212ff9430 Exception <a 'sun/nio/fs/WindowsException'{0x0000000621d8ab38}> (0x0000000621d8ab38) 
thrown [s\src\hotspot\share\prims\jni.cpp, line 520]
Event: 0.112 Thread 0x0000024212ff9430 Exception <a 'java/lang/NoSuchMethodError'{0x0000000621dda068}: 'int java.lang.invoke.DirectMethodHandle$Holder.invokeStaticInit(java.lang.Object, java.lang.Object, int, long)'> (0x0000000621dda068) 
thrown [s\src\hotspot\share\interpreter\linkResolver.cpp, line 773]
Event: 0.113 Thread 0x0000024212ff9430 Exception <a 'java/lang/NoSuchMethodError'{0x0000000621ddf190}: 'java.lang.Object java.lang.invoke.DirectMethodHandle$Holder.newInvokeSpecial(java.lang.Object, java.lang.Object, int)'> (0x0000000621ddf190) 
thrown [s\src\hotspot\share\interpreter\linkResolver.cpp, line 773]
Event: 0.114 Thread 0x0000024212ff9430 Exception <a 'java/lang/NoSuchMethodError'{0x0000000621dee240}: 'int java.lang.invoke.DirectMethodHandle$Holder.invokeStaticInit(java.lang.Object, java.lang.Object, long, long)'> (0x0000000621dee240) 
thrown [s\src\hotspot\share\interpreter\linkResolver.cpp, line 773]
Event: 0.114 Thread 0x0000024212ff9430 Exception <a 'java/lang/NoSuchMethodError'{0x0000000621df3f38}: 'java.lang.Object java.lang.invoke.DirectMethodHandle$Holder.newInvokeSpecial(java.lang.Object, java.lang.Object, long)'> (0x0000000621df3f38) 
thrown [s\src\hotspot\share\interpreter\linkResolver.cpp, line 773]
Event: 0.115 Thread 0x0000024212ff9430 Exception <a 'java/lang/NoSuchMethodError'{0x0000000621df8060}: 'java.lang.Object java.lang.invoke.Invokers$Holder.linkToTargetMethod(java.lang.Object, long, java.lang.Object)'> (0x0000000621df8060) 
thrown [s\src\hotspot\share\interpreter\linkResolver.cpp, line 773]
Event: 0.115 Thread 0x0000024212ff9430 Exception <a 'java/lang/NoSuchMethodError'{0x0000000621dff2e0}: 'int java.lang.invoke.DirectMethodHandle$Holder.invokeStaticInit(java.lang.Object, java.lang.Object, java.lang.Object, long)'> (0x0000000621dff2e0) 
thrown [s\src\hotspot\share\interpreter\linkResolver.cpp, line 773]
Event: 0.319 Thread 0x0000024212ff9430 Exception <a 'java/lang/NoSuchMethodError'{0x00000006218e97e8}: 'void java.lang.System.load(java.lang.String, java.lang.Class)'> (0x00000006218e97e8) 
thrown [s\src\hotspot\share\interpreter\linkResolver.cpp, line 773]
Event: 0.320 Thread 0x0000024212ff9430 Exception <a 'java/lang/NoSuchMethodError'{0x00000006218ec218}: 'void java.lang.System.loadLibrary(java.lang.String, java.lang.Class)'> (0x00000006218ec218) 
thrown [s\src\hotspot\share\interpreter\linkResolver.cpp, line 773]
Event: 0.322 Thread 0x0000024212ff9430 Exception <a 'sun/nio/fs/WindowsException'{0x00000006218fb448}> (0x00000006218fb448) 
thrown [s\src\hotspot\share\prims\jni.cpp, line 520]
Event: 0.322 Thread 0x0000024212ff9430 Exception <a 'sun/nio/fs/WindowsException'{0x00000006218fb7e8}> (0x00000006218fb7e8) 
thrown [s\src\hotspot\share\prims\jni.cpp, line 520]
Event: 0.323 Thread 0x0000024212ff9430 Exception <a 'sun/nio/fs/WindowsException'{0x0000000621903ec8}> (0x0000000621903ec8) 
thrown [s\src\hotspot\share\prims\jni.cpp, line 520]
Event: 0.323 Thread 0x0000024212ff9430 Exception <a 'sun/nio/fs/WindowsException'{0x0000000621904198}> (0x0000000621904198) 
thrown [s\src\hotspot\share\prims\jni.cpp, line 520]
Event: 0.325 Thread 0x0000024212ff9430 Exception <a 'java/lang/ExceptionInInitializerError'{0x0000000621932548}> (0x0000000621932548) 
thrown [s\src\hotspot\share\oops\instanceKlass.cpp, line 1225]

ZGC Phase Switch (0 events):
No events

VM Operations (2 events):
Event: 0.035 Executing VM operation: HandshakeAllThreads (Deoptimize)
Event: 0.035 Executing VM operation: HandshakeAllThreads (Deoptimize) done

Memory protections (0 events):
No events

Nmethod flushes (0 events):
No events

Events (15 events):
Event: 0.011 Thread 0x0000024212ff9430 Thread added: 0x0000024212ff9430
Event: 0.018 Thread 0x0000024212ff9430 Thread added: 0x0000024237ab0040
Event: 0.018 Thread 0x0000024212ff9430 Thread added: 0x0000024237ab2ba0
Event: 0.018 Thread 0x0000024212ff9430 Thread added: 0x0000024237ab7170
Event: 0.018 Thread 0x0000024212ff9430 Thread added: 0x0000024237ab7e20
Event: 0.018 Thread 0x0000024212ff9430 Thread added: 0x0000024237abbc90
Event: 0.018 Thread 0x0000024212ff9430 Thread added: 0x000002427a082a90
Event: 0.018 Thread 0x0000024212ff9430 Thread added: 0x000002427a0917a0
Event: 0.018 Thread 0x0000024212ff9430 Thread added: 0x000002427a09f400
Event: 0.020 Thread 0x000002427a09f400 Thread added: 0x000002427a09e660
Event: 0.021 Thread 0x000002427a09f400 Thread added: 0x000002427a09ed30
Event: 0.028 Thread 0x0000024212ff9430 Thread added: 0x000002427a22d510
Event: 0.029 Thread 0x0000024212ff9430 Thread added: 0x000002427a231dc0
Event: 0.096 Thread 0x000002427a09ed30 Thread added: 0x000002427a09c450
Event: 0.256 Thread 0x000002427a09c450 Thread exited: 0x000002427a09c450


Dynamic libraries:
0x00007ff6e0950000 - 0x00007ff6e095e000 	C:\Users\Manue\.jdks\ms-21.0.9\bin\java.exe
0x00007ffa24220000 - 0x00007ffa24487000 	C:\Windows\SYSTEM32\ntdll.dll
0x00007ffa22740000 - 0x00007ffa22809000 	C:\Windows\System32\KERNEL32.DLL
0x00007ffa21bc0000 - 0x00007ffa21fb1000 	C:\Windows\System32\KERNELBASE.dll
0x00007ffa20b00000 - 0x00007ffa20c4b000 	C:\Windows\System32\ucrtbase.dll
0x00007ff9f1890000 - 0x00007ff9f18a8000 	C:\Users\Manue\.jdks\ms-21.0.9\bin\jli.dll
0x00007ff9f1870000 - 0x00007ff9f188e000 	C:\Users\Manue\.jdks\ms-21.0.9\bin\VCRUNTIME140.dll
0x00007ffa22ab0000 - 0x00007ffa22c75000 	C:\Windows\System32\USER32.dll
0x00007ffa21b90000 - 0x00007ffa21bb7000 	C:\Windows\System32\win32u.dll
0x00007ffa07690000 - 0x00007ffa07923000 	C:\Windows\WinSxS\amd64_microsoft.windows.common-controls_6595b64144ccf1df_6.0.26100.8037_none_3e092faae333b53b\COMCTL32.dll
0x00007ffa22f10000 - 0x00007ffa22f3b000 	C:\Windows\System32\GDI32.dll
0x00007ffa23e50000 - 0x00007ffa23ef9000 	C:\Windows\System32\msvcrt.dll
0x00007ffa20e80000 - 0x00007ffa20fab000 	C:\Windows\System32\gdi32full.dll
0x00007ffa20c50000 - 0x00007ffa20cf3000 	C:\Windows\System32\msvcp_win.dll
0x00007ffa23e10000 - 0x00007ffa23e41000 	C:\Windows\System32\IMM32.DLL
0x00007ffa088e0000 - 0x00007ffa088ec000 	C:\Users\Manue\.jdks\ms-21.0.9\bin\vcruntime140_1.dll
0x00007ff9f17e0000 - 0x00007ff9f1869000 	C:\Users\Manue\.jdks\ms-21.0.9\bin\msvcp140.dll
0x00007ff9a1930000 - 0x00007ff9a26dd000 	C:\Users\Manue\.jdks\ms-21.0.9\bin\server\jvm.dll
0x00007ffa224e0000 - 0x00007ffa2259b000 	C:\Windows\System32\ADVAPI32.dll
0x00007ffa22ff0000 - 0x00007ffa23097000 	C:\Windows\System32\sechost.dll
0x00007ffa22de0000 - 0x00007ffa22ef8000 	C:\Windows\System32\RPCRT4.dll
0x00007ffa22c80000 - 0x00007ffa22cf4000 	C:\Windows\System32\WS2_32.dll
0x00007ffa207b0000 - 0x00007ffa2080e000 	C:\Windows\SYSTEM32\POWRPROF.dll
0x00007ffa18ad0000 - 0x00007ffa18adb000 	C:\Windows\SYSTEM32\VERSION.dll
0x00007ffa131d0000 - 0x00007ffa13205000 	C:\Windows\SYSTEM32\WINMM.dll
0x00007ffa20790000 - 0x00007ffa207a4000 	C:\Windows\SYSTEM32\UMPDC.dll
0x00007ffa1f850000 - 0x00007ffa1f86b000 	C:\Windows\SYSTEM32\kernel.appcore.dll
0x00007ff9ffaa0000 - 0x00007ff9ffaaa000 	C:\Users\Manue\.jdks\ms-21.0.9\bin\jimage.dll
0x00007ffa0a620000 - 0x00007ffa0a862000 	C:\Windows\SYSTEM32\DBGHELP.DLL
0x00007ffa23a80000 - 0x00007ffa23e02000 	C:\Windows\System32\combase.dll
0x00007ffa22d00000 - 0x00007ffa22dd7000 	C:\Windows\System32\OLEAUT32.dll
0x00007ffa07c60000 - 0x00007ffa07c9b000 	C:\Windows\SYSTEM32\dbgcore.DLL
0x00007ffa21a20000 - 0x00007ffa21ac5000 	C:\Windows\System32\bcryptPrimitives.dll
0x00007ff9f17b0000 - 0x00007ff9f17d1000 	C:\Users\Manue\.jdks\ms-21.0.9\bin\java.dll
0x00007ffa230b0000 - 0x00007ffa2380f000 	C:\Windows\System32\SHELL32.dll
0x00007ffa20fb0000 - 0x00007ffa2111a000 	C:\Windows\System32\wintypes.dll
0x00007ffa211b0000 - 0x00007ffa21a14000 	C:\Windows\System32\windows.storage.dll
0x00007ffa240e0000 - 0x00007ffa241d7000 	C:\Windows\System32\SHCORE.dll
0x00007ffa23820000 - 0x00007ffa23887000 	C:\Windows\System32\shlwapi.dll
0x00007ffa20a20000 - 0x00007ffa20a49000 	C:\Windows\SYSTEM32\profapi.dll
0x00007ff9f16d0000 - 0x00007ff9f17a6000 	C:\Users\Manue\.jdks\ms-21.0.9\bin\jsvml.dll
0x00007ff9f1690000 - 0x00007ff9f16a1000 	C:\Users\Manue\.jdks\ms-21.0.9\bin\net.dll
0x00007ffa19aa0000 - 0x00007ffa19bc7000 	C:\Windows\SYSTEM32\WINHTTP.dll
0x00007ffa1fdb0000 - 0x00007ffa1fe1b000 	C:\Windows\system32\mswsock.dll
0x00007ff9f1670000 - 0x00007ff9f1686000 	C:\Users\Manue\.jdks\ms-21.0.9\bin\nio.dll
0x00007ff9f16b0000 - 0x00007ff9f16c8000 	C:\Users\Manue\.jdks\ms-21.0.9\bin\zip.dll
0x00007ffa009a0000 - 0x00007ffa00a1b000 	C:\Users\Manue\AppData\Local\Temp\lwjgl_Manue\3.3.3+5\x64\lwjgl.dll
0x00007ff9f36e0000 - 0x00007ff9f3762000 	C:\Users\Manue\AppData\Local\Temp\lwjgl_Manue\3.3.3+5\x64\glfw.dll
0x00007ff9f14e0000 - 0x00007ff9f152b000 	C:\Windows\SYSTEM32\dinput8.dll
0x00007ffa1b0a0000 - 0x00007ffa1b0be000 	C:\Windows\SYSTEM32\xinput1_4.dll
0x00007ffa206d0000 - 0x00007ffa20727000 	C:\Windows\SYSTEM32\cfgmgr32.dll
0x00007ffa20730000 - 0x00007ffa2075d000 	C:\Windows\SYSTEM32\DEVOBJ.dll
0x00007ffa1e820000 - 0x00007ffa1e84e000 	C:\Windows\SYSTEM32\dwmapi.dll
0x00007ff9f6350000 - 0x00007ff9f6533000 	C:\Windows\SYSTEM32\inputhost.dll
0x00007ffa1df20000 - 0x00007ffa1e047000 	C:\Windows\SYSTEM32\CoreMessaging.dll
0x00007ffa1e490000 - 0x00007ffa1e53a000 	C:\Windows\system32\uxtheme.dll
0x00007ffa23f80000 - 0x00007ffa240dd000 	C:\Windows\System32\MSCTF.dll
0x00007ffa20100000 - 0x00007ffa2010c000 	C:\Windows\SYSTEM32\CRYPTBASE.DLL
0x00007ff9e9f70000 - 0x00007ff9ea07e000 	C:\Windows\SYSTEM32\opengl32.dll
0x00007ff9f3640000 - 0x00007ff9f366d000 	C:\Windows\SYSTEM32\GLU32.dll
0x00007ffa1e660000 - 0x00007ffa1e6a3000 	C:\Windows\SYSTEM32\dxcore.dll
0x00007ffa13140000 - 0x00007ffa1315a000 	C:\Windows\SYSTEM32\windows.staterepositorycore.dll
0x00007ff978840000 - 0x00007ff97b0d6000 	C:\Windows\System32\DriverStore\FileRepository\nvmd.inf_amd64_949b704772ff9f4b\nvoglv64.dll
0x00007ffa21fc0000 - 0x00007ffa22447000 	C:\Windows\System32\SETUPAPI.dll
0x00007ffa225a0000 - 0x00007ffa22735000 	C:\Windows\System32\ole32.dll
0x00007ffa1e3c0000 - 0x00007ffa1e3e9000 	C:\Windows\SYSTEM32\WTSAPI32.dll
0x00007ffa20d00000 - 0x00007ffa20e77000 	C:\Windows\System32\CRYPT32.dll
0x00007ffa1fb00000 - 0x00007ffa1fb49000 	C:\Windows\SYSTEM32\SspiCli.dll
0x00007ffa20150000 - 0x00007ffa20163000 	C:\Windows\SYSTEM32\msasn1.dll
0x00007ffa18a90000 - 0x00007ffa18acb000 	C:\Windows\SYSTEM32\cryptnet.dll
0x00007ffa201c0000 - 0x00007ffa20228000 	C:\Windows\SYSTEM32\wldp.dll
0x00007ffa186d0000 - 0x00007ffa18848000 	C:\Windows\SYSTEM32\drvstore.dll
0x00007ffa21120000 - 0x00007ffa211a1000 	C:\Windows\System32\WINTRUST.dll
0x00007ffa1f980000 - 0x00007ffa1f9b6000 	C:\Windows\SYSTEM32\ntmarta.dll
0x00007ffa23890000 - 0x00007ffa238b0000 	C:\Windows\System32\imagehlp.dll
0x00007ffa200e0000 - 0x00007ffa200fb000 	C:\Windows\System32\CRYPTSP.dll
0x00007ffa1f7b0000 - 0x00007ffa1f7e9000 	C:\Windows\system32\rsaenh.dll
0x00007ffa209f0000 - 0x00007ffa20a1a000 	C:\Windows\System32\bcrypt.dll
0x00007ffa145c0000 - 0x00007ffa18073000 	C:\Windows\System32\DriverStore\FileRepository\nvmd.inf_amd64_949b704772ff9f4b\nvgpucomp64.dll
0x00007ff9eb840000 - 0x00007ff9ebb46000 	C:\Windows\system32\nvspcap64.dll
0x00007ffa20300000 - 0x00007ffa20363000 	C:\Windows\SYSTEM32\WINSTA.dll
0x00007ff9f83f0000 - 0x00007ff9f8538000 	C:\Windows\SYSTEM32\textinputframework.dll
0x00007ffa194e0000 - 0x00007ffa197c2000 	C:\Windows\SYSTEM32\CoreUIComponents.dll
0x00007ff977ae0000 - 0x00007ff97883d000 	C:\Users\Manue\AppData\Local\Temp\imgui-java-natives\1.86.11\imgui-java64.dll
0x00007ff9f1480000 - 0x00007ff9f14de000 	C:\Users\Manue\AppData\Local\Temp\lwjgl_Manue\3.3.3+5\x64\lwjgl_opengl.dll

JVMTI agents: none

dbghelp: loaded successfully - version: 4.0.5 - missing functions: none
symbol engine: initialized successfully - sym options: 0x614 - pdb path: .;C:\Users\Manue\.jdks\ms-21.0.9\bin;C:\Windows\SYSTEM32;C:\Windows\WinSxS\amd64_microsoft.windows.common-controls_6595b64144ccf1df_6.0.26100.8037_none_3e092faae333b53b;C:\Users\Manue\.jdks\ms-21.0.9\bin\server;C:\Users\Manue\AppData\Local\Temp\lwjgl_Manue\3.3.3+5\x64;C:\Windows\System32\DriverStore\FileRepository\nvmd.inf_amd64_949b704772ff9f4b;C:\Users\Manue\AppData\Local\Temp\imgui-java-natives\1.86.11

VM Arguments:
jvm_args: -Dfile.encoding=UTF-8 -Duser.country=IT -Duser.language=it -Duser.variant 
java_command: Main --stacktrace
java_class_path (initial): C:\Users\Manue\IdeaProjects\LyvexEngine\build\classes\java\main;C:\Users\Manue\IdeaProjects\LyvexEngine\build\resources\main;C:\Users\Manue\.gradle\caches\modules-2\files-2.1\io.github.spair\imgui-java-lwjgl3\1.86.11\7f6657336844bd5a5321ca4987ff1e5476df5aeb\imgui-java-lwjgl3-1.86.11.jar;C:\Users\Manue\.gradle\caches\modules-2\files-2.1\org.lwjgl\lwjgl-glfw\3.3.3\efa1eb78c5ccd840e9f329717109b5e892d72f8e\lwjgl-glfw-3.3.3.jar;C:\Users\Manue\.gradle\caches\modules-2\files-2.1\org.lwjgl\lwjgl-glfw\3.3.3\e449e28b4891fc423c54c85fbc5bb0b9efece67a\lwjgl-glfw-3.3.3-natives-windows.jar;C:\Users\Manue\.gradle\caches\modules-2\files-2.1\org.lwjgl\lwjgl-glfw\3.3.3\a1bf400f6bc64e6195596cb1430dafda46090751\lwjgl-glfw-3.3.3-natives-macos.jar;C:\Users\Manue\.gradle\caches\modules-2\files-2.1\org.lwjgl\lwjgl-opengl\3.3.3\2f6b0147078396a58979125a4c947664e98293a\lwjgl-opengl-3.3.3.jar;C:\Users\Manue\.gradle\caches\modules-2\files-2.1\org.lwjgl\lwjgl-opengl\3.3.3\e6c1eec8be8a71951b830a4d69efc01c6531900c\lwjgl-opengl-3.3.3-natives-windows.jar;C:\Users\Manue\.gradle\caches\modules-2\files-2.1\org.lwjgl\lwjgl-opengl\3.3.3\1bd45997551ae8a28469f3a2b678f4b7289e12c0\lwjgl-opengl-3.3.3-natives-macos.jar;C:\Users\Manue\.gradle\caches\modules-2\files-2.1\org.lwjgl\lwjgl\3.3.3\29589b5f87ed335a6c7e7ee6a5775f81f97ecb84\lwjgl-3.3.3.jar;C:\Users\Manue\.gradle\caches\modules-2\files-2.1\org.lwjgl\lwjgl\3.3.3\a5ed18a2b82fc91b81f40d717cb1f64c9dcb0540\lwjgl-3.3.3-natives-windows.jar;C:\Users\Manue\.gradle\caches\modules-2\files-2.1\org.lwjgl\lwjgl\3.3.3\33a6efa288390490ce6eb6c3df47ac21ecf648cf\lwjgl-3.3.3-natives-macos.jar;C:\Users\Manue\.gradle\caches\modules-2\files-2.1\io.github.spair\imgui-java-binding\1.86.11\9f6655bb12d271cb8c63e4394aa697ded1eae48\imgui-java-binding-1.86.11.jar;C:\Users\Manue\.gradle\caches\modules-2\files-2.1\io.github.spair\imgui-java-natives-windows\1.86.11\7ad16055af581b5029f3938b0a91f98db7194249\imgui-java-natives-windows-1.86.11.jar;C:\Users\Manue\.gradle\caches\modules-2\files-2.1\io.github.spair\imgui-java-natives-macos\1.86.11\ae3a1fe0709d14848aae190d26357de899fffc0c\imgui-java-natives-macos-1.86.11.jar
Launcher Type: SUN_STANDARD

[Global flags]
     intx CICompilerCount                          = 12                                        {product} {ergonomic}
     uint ConcGCThreads                            = 5                                         {product} {ergonomic}
     uint G1ConcRefinementThreads                  = 20                                        {product} {ergonomic}
   size_t G1HeapRegionSize                         = 4194304                                   {product} {ergonomic}
    uintx GCDrainStackTargetSize                   = 64                                        {product} {ergonomic}
   size_t InitialHeapSize                          = 536870912                                 {product} {ergonomic}
   size_t MarkStackSize                            = 4194304                                   {product} {ergonomic}
   size_t MaxHeapSize                              = 8552185856                                {product} {ergonomic}
   size_t MaxNewSize                               = 5129633792                                {product} {ergonomic}
   size_t MinHeapDeltaBytes                        = 4194304                                   {product} {ergonomic}
   size_t MinHeapSize                              = 8388608                                   {product} {ergonomic}
    uintx NonNMethodCodeHeapSize                   = 7602480                                {pd product} {ergonomic}
    uintx NonProfiledCodeHeapSize                  = 122027880                              {pd product} {ergonomic}
    uintx ProfiledCodeHeapSize                     = 122027880                              {pd product} {ergonomic}
    uintx ReservedCodeCacheSize                    = 251658240                              {pd product} {ergonomic}
     bool SegmentedCodeCache                       = true                                      {product} {ergonomic}
   size_t SoftMaxHeapSize                          = 8552185856                             {manageable} {ergonomic}
     bool UseCompressedOops                        = true                           {product lp64_product} {ergonomic}
     bool UseG1GC                                  = true                                      {product} {ergonomic}
     bool UseLargePagesIndividualAllocation        = false                                  {pd product} {ergonomic}

Logging:
Log output configuration:
 #0: stdout all=warning uptime,level,tags foldmultilines=false
 #1: stderr all=off uptime,level,tags foldmultilines=false

Release file:
IMPLEMENTOR="Microsoft" 
IMPLEMENTOR_VERSION="Microsoft-12574459" 
JAVA_RUNTIME_VERSION="21.0.9+10-LTS" 
JAVA_VERSION="21.0.9" 
JAVA_VERSION_DATE="2025-10-21" 
LIBC="default" 
MODULES="java.base java.compiler java.datatransfer java.xml java.prefs java.desktop java.instrument java.logging java.management java.security.sasl java.naming java.rmi java.management.rmi java.net.http java.scripting java.security.jgss java.transaction.xa java.sql java.sql.rowset java.xml.crypto java.se java.smartcardio jdk.accessibility jdk.internal.jvmstat jdk.attach jdk.charsets jdk.internal.opt jdk.zipfs jdk.compiler jdk.crypto.ec jdk.crypto.cryptoki jdk.crypto.mscapi jdk.dynalink jdk.internal.ed jdk.editpad jdk.hotspot.agent jdk.httpserver jdk.incubator.vector jdk.internal.le jdk.internal.vm.ci jdk.internal.vm.compiler jdk.internal.vm.compiler.management jdk.jartool jdk.javadoc jdk.jcmd jdk.management jdk.management.agent jdk.jconsole jdk.jdeps jdk.jdwp.agent jdk.jdi jdk.jfr jdk.jlink jdk.jpackage jdk.jshell jdk.jsobject jdk.jstatd jdk.localedata jdk.management.jfr jdk.naming.dns jdk.naming.rmi jdk.net jdk.nio.mapmode jdk.random jdk.sctp jdk.security.auth jdk.security.jgss jdk.unsupported jdk.unsupported.desktop jdk.xml.dom" 
OS_ARCH="x86_64" 
OS_NAME="Windows" 
SOURCE=".:git:e0bc49609000" 

Environment Variables:
PATH=C:\Program Files (x86)\Common Files\Oracle\Java\java8path;C:\Program Files (x86)\Common Files\Oracle\Java\javapath;C:\Python314\Scripts\;C:\Python314\;C:\Program Files\PlasticSCM5\server;C:\Program Files\PlasticSCM5\client;C:\Windows\system32;C:\Windows;C:\Windows\System32\Wbem;C:\Windows\System32\WindowsPowerShell\v1.0\;C:\Windows\System32\OpenSSH\;C:\Program Files\dotnet\;C:\Program Files (x86)\NVIDIA Corporation\PhysX\Common;C:\Program Files\NVIDIA Corporation\NVIDIA App\NvDLISR;C:\Program Files\Git\cmd;C:\Program Files (x86)\Windows Kits\10\Windows Performance Toolkit\;C:\Program Files\nodejs\;C:\ProgramData\chocolatey\bin;C:\Program Files\GitHub CLI\;C:\Users\Manue\AppData\Local\Microsoft\WindowsApps;C:\Users\Manue\AppData\Local\GitHubDesktop\bin;C:\Users\Manue\.diversion\bin;C:\Users\Manue\.dotnet\tools;C:\Users\Manue\AppData\Local\JetBrains\Toolbox\scripts;C:\Users\Manue\.dotnet\tools;C:\Users\Manue\AppData\Roaming\npm;C:\Users\Manue\AppData\Local\Programs\Microsoft VS Code\bin
USERNAME=Manue
OS=Windows_NT
PROCESSOR_IDENTIFIER=Intel64 Family 6 Model 183 Stepping 1, GenuineIntel
TMP=C:\Users\Manue\AppData\Local\Temp
TEMP=C:\Users\Manue\AppData\Local\Temp




Periodic native trim disabled

---------------  S Y S T E M  ---------------

OS:
 Windows 11 , 64 bit Build 26100 (10.0.26100.7920)
OS uptime: 0 days 21:22 hours
Hyper-V role detected

CPU: total 28 (initial active 28) (14 cores per cpu, 2 threads per core) family 6 model 183 stepping 1 microcode 0x12f, cx8, cmov, fxsr, ht, mmx, 3dnowpref, sse, sse2, sse3, ssse3, sse4.1, sse4.2, popcnt, lzcnt, tsc, tscinvbit, avx, avx2, aes, erms, clmul, bmi1, bmi2, adx, sha, fma, vzeroupper, clflush, clflushopt, clwb, hv, serialize, rdtscp, rdpid, fsrm, f16c, cet_ibt, cet_ss
Processor Information for the first 28 processors :
  Max Mhz: 2100, Current Mhz: 2100, Mhz Limit: 2100

Memory: 4k page, system-wide physical 32616M (20605M free)
TotalPageFile size 36456M (AvailPageFile size 23045M)
current process WorkingSet (physical memory assigned to process): 102M, peak: 102M
current process commit charge ("private bytes"): 726M, peak: 726M

vm_info: OpenJDK 64-Bit Server VM (21.0.9+10-LTS) for windows-amd64 JRE (21.0.9+10-LTS), built on 2025-10-13T22:04:36Z by "MicrosoftCorporation" with unknown MS VC++:1944

END.
