#
# A fatal error has been detected by the Java Runtime Environment:
#
#  EXCEPTION_ACCESS_VIOLATION (0xc0000005) at pc=0x00007ff9a38873a7, pid=7748, tid=22972
#
# JRE version: OpenJDK Runtime Environment Microsoft-12574459 (21.0.9+10) (build 21.0.9+10-LTS)
# Java VM: OpenJDK 64-Bit Server VM Microsoft-12574459 (21.0.9+10-LTS, mixed mode, sharing, tiered, compressed oops, compressed class ptrs, g1 gc, windows-amd64)
# Problematic frame:
# C  [imgui-java64.dll+0x773a7]
#
# No core dump will be written. Minidumps are not enabled by default on client versions of Windows
#
# If you would like to submit a bug report, please visit:
#   https://github.com/microsoft/openjdk/issues
# The crash happened outside the Java Virtual Machine in native code.
# See problematic frame for where to report the bug.
#

---------------  S U M M A R Y ------------

Command Line: -Dfile.encoding=UTF-8 -Duser.country=IT -Duser.language=it -Duser.variant Main --stacktrace

Host: Intel(R) Core(TM) i7-14700F, 28 cores, 31G,  Windows 11 , 64 bit Build 26100 (10.0.26100.7920)
Time: Fri Apr 10 15:26:23 2026 ora legale Europa occidentale elapsed time: 0.460028 seconds (0d 0h 0m 0s)

---------------  T H R E A D  ---------------

Current thread (0x00000139ee533830):  JavaThread "main"             [_thread_in_native, id=22972, stack(0x0000001423900000,0x0000001423a00000) (1024K)]

Stack: [0x0000001423900000,0x0000001423a00000],  sp=0x00000014239fef70,  free space=1019k
Native frames: (J=compiled Java code, j=interpreted, Vv=VM code, C=native code)
C  [imgui-java64.dll+0x773a7]  (no source info available)

Java frames: (J=compiled Java code, j=interpreted, Vv=VM code)
j  imgui.ImGui.begin(Ljava/lang/String;)Z+0
j  ui.panels.HierarchyPanel.draw(Lui/EditorContext;)V+2
j  ui.EditorUI.draw()V+8
j  core.Engine.loop()V+17
j  core.Engine.run()V+5
j  Main.main([Ljava/lang/String;)V+7
v  ~StubRoutines::call_stub 0x000001398745100d

siginfo: EXCEPTION_ACCESS_VIOLATION (0xc0000005), reading address 0x0000000000001cb8


Registers:
RAX=0x00000139e2a7bd70, RBX=0x00000139e2a7bd70, RCX=0x00000139e2a7bd70, RDX=0x0000000000000000
RSP=0x00000014239fef70, RBP=0x00000014239ff300, RSI=0x0000000000000000, RDI=0x0000013987458860
R8 =0x0000000000000000, R9 =0x0000000000000001, R10=0x00000139e2a7bd79, R11=0x0000000000000009
R12=0x00000139ee533be8, R13=0x0000000000000000, R14=0x00000014239ff320, R15=0x00000139ee533830
RIP=0x00007ff9a38873a7, EFLAGS=0x0000000000010206

XMM[0]=0x0000000000000000 0x0000000000000000
XMM[1]=0x000a002e00390033 0x0031003000300030
XMM[2]=0x0069006100660020 0x0022006e0077006f
XMM[3]=0x0068007400690077 0x002000640065006c
XMM[4]=0x003a007300750074 0x0061007400730020
XMM[5]=0x735f6975476d495f 0x6975676d695f6176
XMM[6]=0x0000000000000000 0x459176a550a84614
XMM[7]=0x0000000000000000 0xb76c25747845117f
XMM[8]=0x0000000000000000 0x0b3c73a1e1caaeca
XMM[9]=0x0000000000000000 0x483b58ad081b993f
XMM[10]=0x0000000000000000 0x00000000bfe04092
XMM[11]=0x0000000000000000 0xae5eba6db67a53ac
XMM[12]=0x0000000000000000 0x00000000081b993f
XMM[13]=0x0000000000000000 0x0000000000000000
XMM[14]=0x0000000000000000 0x0000000000000000
XMM[15]=0x0000000000000000 0x0000000000000000
  MXCSR=0x00001fa0


Register to memory mapping:

RAX=0x00000139e2a7bd70 points into unknown readable memory: 0x6863726172656948 | 48 69 65 72 61 72 63 68
                                                                       RBX=0x00000139e2a7bd70 points into unknown readable memory: 0x6863726172656948 | 48 69 65 72 61 72 63 68
                                                                       RCX=0x00000139e2a7bd70 points into unknown readable memory: 0x6863726172656948 | 48 69 65 72 61 72 63 68
                                                                       RDX=0x0 is null
                                                                       RSP=0x00000014239fef70 is pointing into the stack for thread: 0x00000139ee533830
                                                                       RBP=0x00000014239ff300 is pointing into the stack for thread: 0x00000139ee533830
                                                                       RSI=0x0 is null
                                                                       RDI=0x0000013987458860 is at code_begin+1184 in an Interpreter codelet
                                                                       return entry points  [0x00000139874583c0, 0x0000013987458f60]  2976 bytes
                                                                       R8 =0x0 is null
                                                                       R9 =0x0000000000000001 is an unknown value
                                                                       R10=0x00000139e2a7bd79 points into unknown readable memory: 00 00 00 00 00 00 00
R11=0x0000000000000009 is an unknown value
R12=0x00000139ee533be8 points into unknown readable memory: 0x00000139d82cbf40 | 40 bf 2c d8 39 01 00 00
R13=0x0 is null
R14=0x00000014239ff320 is pointing into the stack for thread: 0x00000139ee533830
R15=0x00000139ee533830 is a thread

Top of Stack: (sp=0x00000014239fef70)
0x00000014239fef70:   00000000000003d8 0000000000000000
        0x00000014239fef80:   00000139ee533be8 000000000000000a
        0x00000014239fef90:   0000000000000000 0000000000000000
        0x00000014239fefa0:   00000014239ff320 00000139ee500000
        0x00000014239fefb0:   00000014239ff1b0 00007ffa2423cd24
        0x00000014239fefc0:   0000000000000002 0000000000000000
        0x00000014239fefd0:   0000000000000001 00000139ee533830
        0x00000014239fefe0:   00007ff9a232adc8 0000001600000000
        0x00000014239feff0:   0000000000000000 0000000000000000
        0x00000014239ff000:   0000000000000000 0000000000000000
        0x00000014239ff010:   00000014239ff029 0000000000000016
        0x00000014239ff020:   0000000000000030 6d695f6176614a00
        0x00000014239ff030:   75476d495f697567 006e696765625f69
        0x00000014239ff040:   0000000000000100 00000139d94d3320
        0x00000014239ff050:   00000014239ff180 0000000000000100
        0x00000014239ff060:   0000000000000000 00000139ee0a0101
0x00000014239ff070:   00000139ee533830 00007ff9a1d1a040
0x00000014239ff080:   00000139d9598188 0000000000000000
0x00000014239ff090:   00000139ee533830 00007ff9a1bb919e
0x00000014239ff0a0:   00000000000000b8 00000139ee533830
0x00000014239ff0b0:   0000000001000000 00007ff9a1fb609f
0x00000014239ff0c0:   00000139d9598188 0000000000000006
0x00000014239ff0d0:   0000000000000009 0000000000000000
0x00000014239ff0e0:   00000014239ff320 00000139ee533be8
0x00000014239ff0f0:   00007ffa20c388b0 00007ffa20b10139
0x00000014239ff100:   00000139ee54ce90 000000000000000a
0x00000014239ff110:   0000000000000009 00007ff9a1fe2510
0x00000014239ff120:   0000000000000001 00007ff9a2003762
0x00000014239ff130:   000000000000000a 00000139d95f13b0
0x00000014239ff140:   00000139d80c0840 00007ff9a1fb5f4c
0x00000014239ff150:   459176a550a84614 0000000000000000
0x00000014239ff160:   b76c25747845117f 0000000000000000 

Instructions: (pc=0x00007ff9a38873a7)
0x00007ff9a38872a7:   fa e9 a7 fe ff ff 31 c0 4c 39 f5 49 89 f1 4c 89
0x00007ff9a38872b7:   e2 0f 94 c0 4c 89 e9 89 44 24 30 f3 0f 10 85 e4
0x00007ff9a38872c7:   00 00 00 f3 0f 11 44 24 28 8b 85 e0 00 00 00 89
0x00007ff9a38872d7:   44 24 20 4c 8b 85 d8 00 00 00 e8 5a d1 fe ff e9
0x00007ff9a38872e7:   f2 fe ff ff 49 89 c7 e9 6d fc ff ff 4c 89 f1 49
0x00007ff9a38872f7:   89 c4 e8 42 d7 fe ff 48 89 d9 e8 3a d7 fe ff 4c
0x00007ff9a3887307:   89 e1 e8 02 8a 15 00 90 90 41 57 41 56 41 55 41
0x00007ff9a3887317:   54 55 57 56 53 48 81 ec 88 02 00 00 0f 11 b4 24
0x00007ff9a3887327:   e0 01 00 00 0f 11 bc 24 f0 01 00 00 44 0f 11 84
0x00007ff9a3887337:   24 00 02 00 00 44 0f 11 8c 24 10 02 00 00 44 0f
0x00007ff9a3887347:   11 94 24 20 02 00 00 44 0f 11 9c 24 30 02 00 00
0x00007ff9a3887357:   44 0f 11 a4 24 40 02 00 00 44 0f 11 ac 24 50 02
0x00007ff9a3887367:   00 00 44 0f 11 b4 24 60 02 00 00 44 0f 11 bc 24
0x00007ff9a3887377:   70 02 00 00 48 8b 35 c6 fd 48 00 48 89 8c 24 d0
0x00007ff9a3887387:   02 00 00 45 89 c5 48 89 94 24 d8 02 00 00 48 85
0x00007ff9a3887397:   c9 0f 84 42 2d 00 00 80 39 00 0f 84 29 1c 00 00
0x00007ff9a38873a7:   80 be b8 1c 00 00 00 0f 84 61 1c 00 00 8b 86 a8
0x00007ff9a38873b7:   1c 00 00 39 86 ac 1c 00 00 0f 84 fa 24 00 00 48
0x00007ff9a38873c7:   8b 8c 24 d0 02 00 00 e8 ad 92 fd ff 48 89 44 24
0x00007ff9a38873d7:   48 48 85 c0 0f 84 3f 24 00 00 48 8b 5c 24 48 45
0x00007ff9a38873e7:   89 e8 31 d2 48 89 d9 e8 fd 52 fd ff 44 89 ea 44
0x00007ff9a38873f7:   89 e8 81 e2 00 02 0c 00 83 c8 06 81 fa 00 02 0c
0x00007ff9a3887407:   00 44 0f 44 e8 41 f7 c5 00 00 80 00 74 0d 41 f7
0x00007ff9a3887417:   c5 00 00 00 01 0f 84 8e 25 00 00 44 8b 96 f8 1c
0x00007ff9a3887427:   00 00 8b ae a8 1c 00 00 31 c0 44 8b bb 70 02 00
0x00007ff9a3887437:   00 45 85 d2 75 07 0f b6 86 b9 1c 00 00 88 83 cf
0x00007ff9a3887447:   00 00 00 8d 45 ff 41 39 c7 0f 9c 44 24 58 41 f7
0x00007ff9a3887457:   c5 00 00 00 04 0f 85 36 22 00 00 44 0f b6 a3 cd
0x00007ff9a3887467:   00 00 00 8b 7b 0c 41 39 ef 74 58 0f b6 44 24 58
0x00007ff9a3887477:   88 83 cd 00 00 00 84 c0 0f 85 cb 1b 00 00 89 7b
0x00007ff9a3887487:   10 66 0f ef c0 45 31 c9 44 89 ef 44 89 6b 0c f2
0x00007ff9a3887497:   0f 5a 86 a0 1c 00 00 89 ab 70 02 00 00 8b 86 18 


Stack slot to memory mapping:

stack at sp + 0 slots: 0x00000000000003d8 is an unknown value
stack at sp + 1 slots: 0x0 is null
stack at sp + 2 slots: 0x00000139ee533be8 points into unknown readable memory: 0x00000139d82cbf40 | 40 bf 2c d8 39 01 00 00
stack at sp + 3 slots: 0x000000000000000a is an unknown value
stack at sp + 4 slots: 0x0 is null
stack at sp + 5 slots: 0x0 is null
stack at sp + 6 slots: 0x00000014239ff320 is pointing into the stack for thread: 0x00000139ee533830
stack at sp + 7 slots: 0x00000139ee500000 points into unknown readable memory: 0x0000000000000000 | 00 00 00 00 00 00 00 00


---------------  P R O C E S S  ---------------

Threads class SMR info:
_java_thread_list=0x00000139d88277e0, length=13, elements={
0x00000139ee533830, 0x00000139fe613350, 0x00000139fe615db0, 0x00000139d808a4a0,
0x00000139fe61b780, 0x00000139d8092fe0, 0x00000139d80b4000, 0x00000139d80b6ec0,
0x00000139d80c1410, 0x00000139d81d9f00, 0x00000139d81f0310, 0x00000139d8224140,
0x00000139d82299b0
}

Java Threads: ( => current thread )
=>0x00000139ee533830 JavaThread "main"                              [_thread_in_native, id=22972, stack(0x0000001423900000,0x0000001423a00000) (1024K)]
  0x00000139fe613350 JavaThread "Reference Handler"          daemon [_thread_blocked, id=14132, stack(0x0000001424100000,0x0000001424200000) (1024K)]
  0x00000139fe615db0 JavaThread "Finalizer"                  daemon [_thread_blocked, id=8868, stack(0x0000001424200000,0x0000001424300000) (1024K)]
  0x00000139d808a4a0 JavaThread "Signal Dispatcher"          daemon [_thread_blocked, id=24672, stack(0x0000001424300000,0x0000001424400000) (1024K)]
  0x00000139fe61b780 JavaThread "Attach Listener"            daemon [_thread_blocked, id=15936, stack(0x0000001424400000,0x0000001424500000) (1024K)]
  0x00000139d8092fe0 JavaThread "Service Thread"             daemon [_thread_blocked, id=21496, stack(0x0000001424500000,0x0000001424600000) (1024K)]
  0x00000139d80b4000 JavaThread "Monitor Deflation Thread"   daemon [_thread_blocked, id=5232, stack(0x0000001424600000,0x0000001424700000) (1024K)]
  0x00000139d80b6ec0 JavaThread "C2 CompilerThread0"         daemon [_thread_blocked, id=9660, stack(0x0000001424700000,0x0000001424800000) (1024K)]
  0x00000139d80c1410 JavaThread "C1 CompilerThread0"         daemon [_thread_blocked, id=25184, stack(0x0000001424800000,0x0000001424900000) (1024K)]
  0x00000139d81d9f00 JavaThread "C1 CompilerThread1"         daemon [_thread_blocked, id=1780, stack(0x0000001424900000,0x0000001424a00000) (1024K)]
  0x00000139d81f0310 JavaThread "C1 CompilerThread2"         daemon [_thread_blocked, id=16328, stack(0x0000001424a00000,0x0000001424b00000) (1024K)]
  0x00000139d8224140 JavaThread "Notification Thread"        daemon [_thread_blocked, id=25172, stack(0x0000001424b00000,0x0000001424c00000) (1024K)]
  0x00000139d82299b0 JavaThread "Common-Cleaner"             daemon [_thread_blocked, id=20404, stack(0x0000001424c00000,0x0000001424d00000) (1024K)]
Total: 13

Other Threads:
  0x00000139fe5f68c0 VMThread "VM Thread"                           [id=4448, stack(0x0000001424000000,0x0000001424100000) (1024K)]
  0x00000139d8081270 WatcherThread "VM Periodic Task Thread"        [id=22400, stack(0x0000001423f00000,0x0000001424000000) (1024K)]
  0x00000139f0b760a0 WorkerThread "GC Thread#0"                     [id=16552, stack(0x0000001423a00000,0x0000001423b00000) (1024K)]
  0x00000139f0b87e80 ConcurrentGCThread "G1 Main Marker"            [id=2232, stack(0x0000001423b00000,0x0000001423c00000) (1024K)]
  0x00000139f0b88980 WorkerThread "G1 Conc#0"                       [id=18016, stack(0x0000001423c00000,0x0000001423d00000) (1024K)]
  0x00000139fe5246d0 ConcurrentGCThread "G1 Refine#0"               [id=22792, stack(0x0000001423d00000,0x0000001423e00000) (1024K)]
  0x00000139fe5260f0 ConcurrentGCThread "G1 Service"                [id=12780, stack(0x0000001423e00000,0x0000001423f00000) (1024K)]
Total: 7

Threads with active compile tasks:
Total: 0

VM state: not at safepoint (normal execution)

VM Mutex/Monitor currently owned by a thread: None

Heap address: 0x0000000602400000, size: 8156 MB, Compressed Oops mode: Zero based, Oop shift amount: 3

CDS archive(s) mapped at: [0x0000013997000000-0x0000013997c80000-0x0000013997c80000), size 13107200, SharedBaseAddress: 0x0000013997000000, ArchiveRelocationMode: 1.
Compressed class space mapped at: 0x0000013998000000-0x00000139d8000000, reserved size: 1073741824
Narrow klass base: 0x0000013997000000, Narrow klass shift: 0, Narrow klass range: 0x100000000

GC Precious Log:
 CardTable entry size: 512
 Card Set container configuration: InlinePtr #cards 4 size 8 Array Of Cards #cards 32 size 80 Howl #buckets 8 coarsen threshold 7372 Howl Bitmap #cards 1024 size 144 coarsen threshold 921 Card regions per heap region 1 cards per card region 8192
 CPUs: 28 total, 28 available
 Memory: 32616M
 Large Page Support: Disabled
 NUMA Support: Disabled
 Compressed Oops: Enabled (Zero based)
 Heap Region Size: 4M
 Heap Min Capacity: 8M
 Heap Initial Capacity: 512M
 Heap Max Capacity: 8156M
 Pre-touch: Disabled
 Parallel Workers: 20
 Concurrent Workers: 5
 Concurrent Refinement Workers: 20
 Periodic GC: Disabled

Heap:
 garbage-first heap   total 524288K, used 8192K [0x0000000602400000, 0x0000000800000000)
  region size 4096K, 3 young (12288K), 0 survivors (0K)
 Metaspace       used 3645K, committed 3840K, reserved 1114112K
  class space    used 205K, committed 256K, reserved 1048576K

Heap Regions: E=young(eden), S=young(survivor), O=old, HS=humongous(starts), HC=humongous(continues), CS=collection set, F=free, TAMS=top-at-mark-start, PB=parsable bottom
|   0|0x0000000602400000, 0x0000000602400000, 0x0000000602800000|  0%| F|  |TAMS 0x0000000602400000| PB 0x0000000602400000| Untracked 
|   1|0x0000000602800000, 0x0000000602800000, 0x0000000602c00000|  0%| F|  |TAMS 0x0000000602800000| PB 0x0000000602800000| Untracked 
|   2|0x0000000602c00000, 0x0000000602c00000, 0x0000000603000000|  0%| F|  |TAMS 0x0000000602c00000| PB 0x0000000602c00000| Untracked 
|   3|0x0000000603000000, 0x0000000603000000, 0x0000000603400000|  0%| F|  |TAMS 0x0000000603000000| PB 0x0000000603000000| Untracked 
|   4|0x0000000603400000, 0x0000000603400000, 0x0000000603800000|  0%| F|  |TAMS 0x0000000603400000| PB 0x0000000603400000| Untracked 
|   5|0x0000000603800000, 0x0000000603800000, 0x0000000603c00000|  0%| F|  |TAMS 0x0000000603800000| PB 0x0000000603800000| Untracked 
|   6|0x0000000603c00000, 0x0000000603c00000, 0x0000000604000000|  0%| F|  |TAMS 0x0000000603c00000| PB 0x0000000603c00000| Untracked 
|   7|0x0000000604000000, 0x0000000604000000, 0x0000000604400000|  0%| F|  |TAMS 0x0000000604000000| PB 0x0000000604000000| Untracked 
|   8|0x0000000604400000, 0x0000000604400000, 0x0000000604800000|  0%| F|  |TAMS 0x0000000604400000| PB 0x0000000604400000| Untracked 
|   9|0x0000000604800000, 0x0000000604800000, 0x0000000604c00000|  0%| F|  |TAMS 0x0000000604800000| PB 0x0000000604800000| Untracked 
|  10|0x0000000604c00000, 0x0000000604c00000, 0x0000000605000000|  0%| F|  |TAMS 0x0000000604c00000| PB 0x0000000604c00000| Untracked 
|  11|0x0000000605000000, 0x0000000605000000, 0x0000000605400000|  0%| F|  |TAMS 0x0000000605000000| PB 0x0000000605000000| Untracked 
|  12|0x0000000605400000, 0x0000000605400000, 0x0000000605800000|  0%| F|  |TAMS 0x0000000605400000| PB 0x0000000605400000| Untracked 
|  13|0x0000000605800000, 0x0000000605800000, 0x0000000605c00000|  0%| F|  |TAMS 0x0000000605800000| PB 0x0000000605800000| Untracked 
|  14|0x0000000605c00000, 0x0000000605c00000, 0x0000000606000000|  0%| F|  |TAMS 0x0000000605c00000| PB 0x0000000605c00000| Untracked 
|  15|0x0000000606000000, 0x0000000606000000, 0x0000000606400000|  0%| F|  |TAMS 0x0000000606000000| PB 0x0000000606000000| Untracked 
|  16|0x0000000606400000, 0x0000000606400000, 0x0000000606800000|  0%| F|  |TAMS 0x0000000606400000| PB 0x0000000606400000| Untracked 
|  17|0x0000000606800000, 0x0000000606800000, 0x0000000606c00000|  0%| F|  |TAMS 0x0000000606800000| PB 0x0000000606800000| Untracked 
|  18|0x0000000606c00000, 0x0000000606c00000, 0x0000000607000000|  0%| F|  |TAMS 0x0000000606c00000| PB 0x0000000606c00000| Untracked 
|  19|0x0000000607000000, 0x0000000607000000, 0x0000000607400000|  0%| F|  |TAMS 0x0000000607000000| PB 0x0000000607000000| Untracked 
|  20|0x0000000607400000, 0x0000000607400000, 0x0000000607800000|  0%| F|  |TAMS 0x0000000607400000| PB 0x0000000607400000| Untracked 
|  21|0x0000000607800000, 0x0000000607800000, 0x0000000607c00000|  0%| F|  |TAMS 0x0000000607800000| PB 0x0000000607800000| Untracked 
|  22|0x0000000607c00000, 0x0000000607c00000, 0x0000000608000000|  0%| F|  |TAMS 0x0000000607c00000| PB 0x0000000607c00000| Untracked 
|  23|0x0000000608000000, 0x0000000608000000, 0x0000000608400000|  0%| F|  |TAMS 0x0000000608000000| PB 0x0000000608000000| Untracked 
|  24|0x0000000608400000, 0x0000000608400000, 0x0000000608800000|  0%| F|  |TAMS 0x0000000608400000| PB 0x0000000608400000| Untracked 
|  25|0x0000000608800000, 0x0000000608800000, 0x0000000608c00000|  0%| F|  |TAMS 0x0000000608800000| PB 0x0000000608800000| Untracked 
|  26|0x0000000608c00000, 0x0000000608c00000, 0x0000000609000000|  0%| F|  |TAMS 0x0000000608c00000| PB 0x0000000608c00000| Untracked 
|  27|0x0000000609000000, 0x0000000609000000, 0x0000000609400000|  0%| F|  |TAMS 0x0000000609000000| PB 0x0000000609000000| Untracked 
|  28|0x0000000609400000, 0x0000000609400000, 0x0000000609800000|  0%| F|  |TAMS 0x0000000609400000| PB 0x0000000609400000| Untracked 
|  29|0x0000000609800000, 0x0000000609800000, 0x0000000609c00000|  0%| F|  |TAMS 0x0000000609800000| PB 0x0000000609800000| Untracked 
|  30|0x0000000609c00000, 0x0000000609c00000, 0x000000060a000000|  0%| F|  |TAMS 0x0000000609c00000| PB 0x0000000609c00000| Untracked 
|  31|0x000000060a000000, 0x000000060a000000, 0x000000060a400000|  0%| F|  |TAMS 0x000000060a000000| PB 0x000000060a000000| Untracked 
|  32|0x000000060a400000, 0x000000060a400000, 0x000000060a800000|  0%| F|  |TAMS 0x000000060a400000| PB 0x000000060a400000| Untracked 
|  33|0x000000060a800000, 0x000000060a800000, 0x000000060ac00000|  0%| F|  |TAMS 0x000000060a800000| PB 0x000000060a800000| Untracked 
|  34|0x000000060ac00000, 0x000000060ac00000, 0x000000060b000000|  0%| F|  |TAMS 0x000000060ac00000| PB 0x000000060ac00000| Untracked 
|  35|0x000000060b000000, 0x000000060b000000, 0x000000060b400000|  0%| F|  |TAMS 0x000000060b000000| PB 0x000000060b000000| Untracked 
|  36|0x000000060b400000, 0x000000060b400000, 0x000000060b800000|  0%| F|  |TAMS 0x000000060b400000| PB 0x000000060b400000| Untracked 
|  37|0x000000060b800000, 0x000000060b800000, 0x000000060bc00000|  0%| F|  |TAMS 0x000000060b800000| PB 0x000000060b800000| Untracked 
|  38|0x000000060bc00000, 0x000000060bc00000, 0x000000060c000000|  0%| F|  |TAMS 0x000000060bc00000| PB 0x000000060bc00000| Untracked 
|  39|0x000000060c000000, 0x000000060c000000, 0x000000060c400000|  0%| F|  |TAMS 0x000000060c000000| PB 0x000000060c000000| Untracked 
|  40|0x000000060c400000, 0x000000060c400000, 0x000000060c800000|  0%| F|  |TAMS 0x000000060c400000| PB 0x000000060c400000| Untracked 
|  41|0x000000060c800000, 0x000000060c800000, 0x000000060cc00000|  0%| F|  |TAMS 0x000000060c800000| PB 0x000000060c800000| Untracked 
|  42|0x000000060cc00000, 0x000000060cc00000, 0x000000060d000000|  0%| F|  |TAMS 0x000000060cc00000| PB 0x000000060cc00000| Untracked 
|  43|0x000000060d000000, 0x000000060d000000, 0x000000060d400000|  0%| F|  |TAMS 0x000000060d000000| PB 0x000000060d000000| Untracked 
|  44|0x000000060d400000, 0x000000060d400000, 0x000000060d800000|  0%| F|  |TAMS 0x000000060d400000| PB 0x000000060d400000| Untracked 
|  45|0x000000060d800000, 0x000000060d800000, 0x000000060dc00000|  0%| F|  |TAMS 0x000000060d800000| PB 0x000000060d800000| Untracked 
|  46|0x000000060dc00000, 0x000000060dc00000, 0x000000060e000000|  0%| F|  |TAMS 0x000000060dc00000| PB 0x000000060dc00000| Untracked 
|  47|0x000000060e000000, 0x000000060e000000, 0x000000060e400000|  0%| F|  |TAMS 0x000000060e000000| PB 0x000000060e000000| Untracked 
|  48|0x000000060e400000, 0x000000060e400000, 0x000000060e800000|  0%| F|  |TAMS 0x000000060e400000| PB 0x000000060e400000| Untracked 
|  49|0x000000060e800000, 0x000000060e800000, 0x000000060ec00000|  0%| F|  |TAMS 0x000000060e800000| PB 0x000000060e800000| Untracked 
|  50|0x000000060ec00000, 0x000000060ec00000, 0x000000060f000000|  0%| F|  |TAMS 0x000000060ec00000| PB 0x000000060ec00000| Untracked 
|  51|0x000000060f000000, 0x000000060f000000, 0x000000060f400000|  0%| F|  |TAMS 0x000000060f000000| PB 0x000000060f000000| Untracked 
|  52|0x000000060f400000, 0x000000060f400000, 0x000000060f800000|  0%| F|  |TAMS 0x000000060f400000| PB 0x000000060f400000| Untracked 
|  53|0x000000060f800000, 0x000000060f800000, 0x000000060fc00000|  0%| F|  |TAMS 0x000000060f800000| PB 0x000000060f800000| Untracked 
|  54|0x000000060fc00000, 0x000000060fc00000, 0x0000000610000000|  0%| F|  |TAMS 0x000000060fc00000| PB 0x000000060fc00000| Untracked 
|  55|0x0000000610000000, 0x0000000610000000, 0x0000000610400000|  0%| F|  |TAMS 0x0000000610000000| PB 0x0000000610000000| Untracked 
|  56|0x0000000610400000, 0x0000000610400000, 0x0000000610800000|  0%| F|  |TAMS 0x0000000610400000| PB 0x0000000610400000| Untracked 
|  57|0x0000000610800000, 0x0000000610800000, 0x0000000610c00000|  0%| F|  |TAMS 0x0000000610800000| PB 0x0000000610800000| Untracked 
|  58|0x0000000610c00000, 0x0000000610c00000, 0x0000000611000000|  0%| F|  |TAMS 0x0000000610c00000| PB 0x0000000610c00000| Untracked 
|  59|0x0000000611000000, 0x0000000611000000, 0x0000000611400000|  0%| F|  |TAMS 0x0000000611000000| PB 0x0000000611000000| Untracked 
|  60|0x0000000611400000, 0x0000000611400000, 0x0000000611800000|  0%| F|  |TAMS 0x0000000611400000| PB 0x0000000611400000| Untracked 
|  61|0x0000000611800000, 0x0000000611800000, 0x0000000611c00000|  0%| F|  |TAMS 0x0000000611800000| PB 0x0000000611800000| Untracked 
|  62|0x0000000611c00000, 0x0000000611c00000, 0x0000000612000000|  0%| F|  |TAMS 0x0000000611c00000| PB 0x0000000611c00000| Untracked 
|  63|0x0000000612000000, 0x0000000612000000, 0x0000000612400000|  0%| F|  |TAMS 0x0000000612000000| PB 0x0000000612000000| Untracked 
|  64|0x0000000612400000, 0x0000000612400000, 0x0000000612800000|  0%| F|  |TAMS 0x0000000612400000| PB 0x0000000612400000| Untracked 
|  65|0x0000000612800000, 0x0000000612800000, 0x0000000612c00000|  0%| F|  |TAMS 0x0000000612800000| PB 0x0000000612800000| Untracked 
|  66|0x0000000612c00000, 0x0000000612c00000, 0x0000000613000000|  0%| F|  |TAMS 0x0000000612c00000| PB 0x0000000612c00000| Untracked 
|  67|0x0000000613000000, 0x0000000613000000, 0x0000000613400000|  0%| F|  |TAMS 0x0000000613000000| PB 0x0000000613000000| Untracked 
|  68|0x0000000613400000, 0x0000000613400000, 0x0000000613800000|  0%| F|  |TAMS 0x0000000613400000| PB 0x0000000613400000| Untracked 
|  69|0x0000000613800000, 0x0000000613800000, 0x0000000613c00000|  0%| F|  |TAMS 0x0000000613800000| PB 0x0000000613800000| Untracked 
|  70|0x0000000613c00000, 0x0000000613c00000, 0x0000000614000000|  0%| F|  |TAMS 0x0000000613c00000| PB 0x0000000613c00000| Untracked 
|  71|0x0000000614000000, 0x0000000614000000, 0x0000000614400000|  0%| F|  |TAMS 0x0000000614000000| PB 0x0000000614000000| Untracked 
|  72|0x0000000614400000, 0x0000000614400000, 0x0000000614800000|  0%| F|  |TAMS 0x0000000614400000| PB 0x0000000614400000| Untracked 
|  73|0x0000000614800000, 0x0000000614800000, 0x0000000614c00000|  0%| F|  |TAMS 0x0000000614800000| PB 0x0000000614800000| Untracked 
|  74|0x0000000614c00000, 0x0000000614c00000, 0x0000000615000000|  0%| F|  |TAMS 0x0000000614c00000| PB 0x0000000614c00000| Untracked 
|  75|0x0000000615000000, 0x0000000615000000, 0x0000000615400000|  0%| F|  |TAMS 0x0000000615000000| PB 0x0000000615000000| Untracked 
|  76|0x0000000615400000, 0x0000000615400000, 0x0000000615800000|  0%| F|  |TAMS 0x0000000615400000| PB 0x0000000615400000| Untracked 
|  77|0x0000000615800000, 0x0000000615800000, 0x0000000615c00000|  0%| F|  |TAMS 0x0000000615800000| PB 0x0000000615800000| Untracked 
|  78|0x0000000615c00000, 0x0000000615c00000, 0x0000000616000000|  0%| F|  |TAMS 0x0000000615c00000| PB 0x0000000615c00000| Untracked 
|  79|0x0000000616000000, 0x0000000616000000, 0x0000000616400000|  0%| F|  |TAMS 0x0000000616000000| PB 0x0000000616000000| Untracked 
|  80|0x0000000616400000, 0x0000000616400000, 0x0000000616800000|  0%| F|  |TAMS 0x0000000616400000| PB 0x0000000616400000| Untracked 
|  81|0x0000000616800000, 0x0000000616800000, 0x0000000616c00000|  0%| F|  |TAMS 0x0000000616800000| PB 0x0000000616800000| Untracked 
|  82|0x0000000616c00000, 0x0000000616c00000, 0x0000000617000000|  0%| F|  |TAMS 0x0000000616c00000| PB 0x0000000616c00000| Untracked 
|  83|0x0000000617000000, 0x0000000617000000, 0x0000000617400000|  0%| F|  |TAMS 0x0000000617000000| PB 0x0000000617000000| Untracked 
|  84|0x0000000617400000, 0x0000000617400000, 0x0000000617800000|  0%| F|  |TAMS 0x0000000617400000| PB 0x0000000617400000| Untracked 
|  85|0x0000000617800000, 0x0000000617800000, 0x0000000617c00000|  0%| F|  |TAMS 0x0000000617800000| PB 0x0000000617800000| Untracked 
|  86|0x0000000617c00000, 0x0000000617c00000, 0x0000000618000000|  0%| F|  |TAMS 0x0000000617c00000| PB 0x0000000617c00000| Untracked 
|  87|0x0000000618000000, 0x0000000618000000, 0x0000000618400000|  0%| F|  |TAMS 0x0000000618000000| PB 0x0000000618000000| Untracked 
|  88|0x0000000618400000, 0x0000000618400000, 0x0000000618800000|  0%| F|  |TAMS 0x0000000618400000| PB 0x0000000618400000| Untracked 
|  89|0x0000000618800000, 0x0000000618800000, 0x0000000618c00000|  0%| F|  |TAMS 0x0000000618800000| PB 0x0000000618800000| Untracked 
|  90|0x0000000618c00000, 0x0000000618c00000, 0x0000000619000000|  0%| F|  |TAMS 0x0000000618c00000| PB 0x0000000618c00000| Untracked 
|  91|0x0000000619000000, 0x0000000619000000, 0x0000000619400000|  0%| F|  |TAMS 0x0000000619000000| PB 0x0000000619000000| Untracked 
|  92|0x0000000619400000, 0x0000000619400000, 0x0000000619800000|  0%| F|  |TAMS 0x0000000619400000| PB 0x0000000619400000| Untracked 
|  93|0x0000000619800000, 0x0000000619800000, 0x0000000619c00000|  0%| F|  |TAMS 0x0000000619800000| PB 0x0000000619800000| Untracked 
|  94|0x0000000619c00000, 0x0000000619c00000, 0x000000061a000000|  0%| F|  |TAMS 0x0000000619c00000| PB 0x0000000619c00000| Untracked 
|  95|0x000000061a000000, 0x000000061a000000, 0x000000061a400000|  0%| F|  |TAMS 0x000000061a000000| PB 0x000000061a000000| Untracked 
|  96|0x000000061a400000, 0x000000061a400000, 0x000000061a800000|  0%| F|  |TAMS 0x000000061a400000| PB 0x000000061a400000| Untracked 
|  97|0x000000061a800000, 0x000000061a800000, 0x000000061ac00000|  0%| F|  |TAMS 0x000000061a800000| PB 0x000000061a800000| Untracked 
|  98|0x000000061ac00000, 0x000000061ac00000, 0x000000061b000000|  0%| F|  |TAMS 0x000000061ac00000| PB 0x000000061ac00000| Untracked 
|  99|0x000000061b000000, 0x000000061b000000, 0x000000061b400000|  0%| F|  |TAMS 0x000000061b000000| PB 0x000000061b000000| Untracked 
| 100|0x000000061b400000, 0x000000061b400000, 0x000000061b800000|  0%| F|  |TAMS 0x000000061b400000| PB 0x000000061b400000| Untracked 
| 101|0x000000061b800000, 0x000000061b800000, 0x000000061bc00000|  0%| F|  |TAMS 0x000000061b800000| PB 0x000000061b800000| Untracked 
| 102|0x000000061bc00000, 0x000000061bc00000, 0x000000061c000000|  0%| F|  |TAMS 0x000000061bc00000| PB 0x000000061bc00000| Untracked 
| 103|0x000000061c000000, 0x000000061c000000, 0x000000061c400000|  0%| F|  |TAMS 0x000000061c000000| PB 0x000000061c000000| Untracked 
| 104|0x000000061c400000, 0x000000061c400000, 0x000000061c800000|  0%| F|  |TAMS 0x000000061c400000| PB 0x000000061c400000| Untracked 
| 105|0x000000061c800000, 0x000000061c800000, 0x000000061cc00000|  0%| F|  |TAMS 0x000000061c800000| PB 0x000000061c800000| Untracked 
| 106|0x000000061cc00000, 0x000000061cc00000, 0x000000061d000000|  0%| F|  |TAMS 0x000000061cc00000| PB 0x000000061cc00000| Untracked 
| 107|0x000000061d000000, 0x000000061d000000, 0x000000061d400000|  0%| F|  |TAMS 0x000000061d000000| PB 0x000000061d000000| Untracked 
| 108|0x000000061d400000, 0x000000061d400000, 0x000000061d800000|  0%| F|  |TAMS 0x000000061d400000| PB 0x000000061d400000| Untracked 
| 109|0x000000061d800000, 0x000000061d800000, 0x000000061dc00000|  0%| F|  |TAMS 0x000000061d800000| PB 0x000000061d800000| Untracked 
| 110|0x000000061dc00000, 0x000000061dc00000, 0x000000061e000000|  0%| F|  |TAMS 0x000000061dc00000| PB 0x000000061dc00000| Untracked 
| 111|0x000000061e000000, 0x000000061e000000, 0x000000061e400000|  0%| F|  |TAMS 0x000000061e000000| PB 0x000000061e000000| Untracked 
| 112|0x000000061e400000, 0x000000061e400000, 0x000000061e800000|  0%| F|  |TAMS 0x000000061e400000| PB 0x000000061e400000| Untracked 
| 113|0x000000061e800000, 0x000000061e800000, 0x000000061ec00000|  0%| F|  |TAMS 0x000000061e800000| PB 0x000000061e800000| Untracked 
| 114|0x000000061ec00000, 0x000000061ec00000, 0x000000061f000000|  0%| F|  |TAMS 0x000000061ec00000| PB 0x000000061ec00000| Untracked 
| 115|0x000000061f000000, 0x000000061f000000, 0x000000061f400000|  0%| F|  |TAMS 0x000000061f000000| PB 0x000000061f000000| Untracked 
| 116|0x000000061f400000, 0x000000061f400000, 0x000000061f800000|  0%| F|  |TAMS 0x000000061f400000| PB 0x000000061f400000| Untracked 
| 117|0x000000061f800000, 0x000000061f800000, 0x000000061fc00000|  0%| F|  |TAMS 0x000000061f800000| PB 0x000000061f800000| Untracked 
| 118|0x000000061fc00000, 0x000000061fc00000, 0x0000000620000000|  0%| F|  |TAMS 0x000000061fc00000| PB 0x000000061fc00000| Untracked 
| 119|0x0000000620000000, 0x0000000620000000, 0x0000000620400000|  0%| F|  |TAMS 0x0000000620000000| PB 0x0000000620000000| Untracked 
| 120|0x0000000620400000, 0x0000000620400000, 0x0000000620800000|  0%| F|  |TAMS 0x0000000620400000| PB 0x0000000620400000| Untracked 
| 121|0x0000000620800000, 0x0000000620800000, 0x0000000620c00000|  0%| F|  |TAMS 0x0000000620800000| PB 0x0000000620800000| Untracked 
| 122|0x0000000620c00000, 0x0000000620c00000, 0x0000000621000000|  0%| F|  |TAMS 0x0000000620c00000| PB 0x0000000620c00000| Untracked 
| 123|0x0000000621000000, 0x0000000621000000, 0x0000000621400000|  0%| F|  |TAMS 0x0000000621000000| PB 0x0000000621000000| Untracked 
| 124|0x0000000621400000, 0x0000000621400000, 0x0000000621800000|  0%| F|  |TAMS 0x0000000621400000| PB 0x0000000621400000| Untracked 
| 125|0x0000000621800000, 0x000000062187ce20, 0x0000000621c00000| 12%| E|  |TAMS 0x0000000621800000| PB 0x0000000621800000| Complete 
| 126|0x0000000621c00000, 0x0000000622000000, 0x0000000622000000|100%| E|CS|TAMS 0x0000000621c00000| PB 0x0000000621c00000| Complete 
| 127|0x0000000622000000, 0x0000000622400000, 0x0000000622400000|100%| E|CS|TAMS 0x0000000622000000| PB 0x0000000622000000| Complete 

Card table byte_map: [0x00000139fb1d0000,0x00000139fc1c0000] _byte_map_base: 0x00000139f81be000

Marking Bits: (CMBitMap*) 0x00000139f0b767a0
 Bits: [0x000001398f000000, 0x0000013996f70000)

Polling page: 0x00000139eeac0000

Metaspace:

Usage:
  Non-class:      3.36 MB used.
      Class:    205.69 KB used.
       Both:      3.56 MB used.

Virtual space:
  Non-class space:       64.00 MB reserved,       3.50 MB (  5%) committed,  1 nodes.
      Class space:        1.00 GB reserved,     256.00 KB ( <1%) committed,  1 nodes.
             Both:        1.06 GB reserved,       3.75 MB ( <1%) committed. 

Chunk freelists:
   Non-Class:  10.05 MB
       Class:  15.64 MB
        Both:  25.69 MB

MaxMetaspaceSize: unlimited
CompressedClassSpaceSize: 1.00 GB
Initial GC threshold: 21.00 MB
Current GC threshold: 21.00 MB
CDS: on
 - commit_granule_bytes: 65536.
 - commit_granule_words: 8192.
 - virtual_space_node_default_size: 8388608.
 - enlarge_chunks_in_place: 1.
 - use_allocation_guard: 0.


Internal statistics:

num_allocs_failed_limit: 0.
num_arena_births: 62.
num_arena_deaths: 0.
num_vsnodes_births: 2.
num_vsnodes_deaths: 0.
num_space_committed: 58.
num_space_uncommitted: 0.
num_chunks_returned_to_freelist: 0.
num_chunks_taken_from_freelist: 149.
num_chunk_merges: 0.
num_chunk_splits: 103.
num_chunks_enlarged: 70.
num_inconsistent_stats: 0.

CodeHeap 'non-profiled nmethods': size=119168Kb used=201Kb max_used=201Kb free=118966Kb
 bounds [0x0000013987ba0000, 0x0000013987e10000, 0x000001398f000000]
CodeHeap 'profiled nmethods': size=119104Kb used=1127Kb max_used=1127Kb free=117976Kb
 bounds [0x0000013980000000, 0x0000013980270000, 0x0000013987450000]
CodeHeap 'non-nmethods': size=7488Kb used=3186Kb max_used=3202Kb free=4301Kb
 bounds [0x0000013987450000, 0x0000013987780000, 0x0000013987ba0000]
CodeCache: size=245760Kb, used=4514Kb, max_used=4530Kb, free=241243Kb
 total_blobs=1930, nmethods=720, adapters=1113, full_count=0
Compilation: enabled, stopped_count=0, restarted_count=0

Compilation events (20 events):
Event: 0.453 Thread 0x00000139d80c1410  712   !   3       jdk.internal.loader.BuiltinClassLoader::loadClassOrNull (143 bytes)
Event: 0.453 Thread 0x00000139d81f0310  713       3       java.lang.ClassLoader::getClassLoadingLock (35 bytes)
Event: 0.453 Thread 0x00000139d81f0310 nmethod 713 0x0000013980115410 code [0x00000139801155e0, 0x00000139801158d8]
Event: 0.453 Thread 0x00000139d81d9f00  714       3       java.lang.ClassLoader::findLoadedClass (15 bytes)
Event: 0.453 Thread 0x00000139d81f0310  715       3       jdk.internal.loader.BuiltinClassLoader::findLoadedModule (33 bytes)
Event: 0.453 Thread 0x00000139d81d9f00 nmethod 714 0x0000013980115a90 code [0x0000013980115c60, 0x0000013980115e48]
Event: 0.453 Thread 0x00000139d81d9f00  716       3       jdk.internal.loader.BuiltinClassLoader::loadClassOrNull (7 bytes)
Event: 0.453 Thread 0x00000139d81d9f00 nmethod 716 0x0000013980115f10 code [0x00000139801160c0, 0x0000013980116298]
Event: 0.453 Thread 0x00000139d81f0310 nmethod 715 0x0000013980116310 code [0x0000013980116540, 0x0000013980116b78]
Event: 0.453 Thread 0x00000139d80b6ec0 nmethod 705 0x0000013987bd1490 code [0x0000013987bd1620, 0x0000013987bd1788]
Event: 0.453 Thread 0x00000139d80b6ec0  711       4       java.lang.StringBuilder::append (8 bytes)
Event: 0.453 Thread 0x00000139d80c1410 nmethod 712 0x0000013980116e10 code [0x00000139801170e0, 0x0000013980118010]
Event: 0.454 Thread 0x00000139d80c1410  717       3       java.util.jar.JarFile::maybeInstantiateVerifier (42 bytes)
Event: 0.454 Thread 0x00000139d81d9f00  718       3       java.lang.String::endsWith (15 bytes)
Event: 0.454 Thread 0x00000139d80c1410 nmethod 717 0x0000013980118610 code [0x00000139801187e0, 0x0000013980118b60]
Event: 0.454 Thread 0x00000139d81d9f00 nmethod 718 0x0000013980118c90 code [0x0000013980118e60, 0x00000139801191a0]
Event: 0.454 Thread 0x00000139d81f0310  719       3       java.lang.ref.SoftReference::get (29 bytes)
Event: 0.454 Thread 0x00000139d81f0310 nmethod 719 0x0000013980119390 code [0x0000013980119540, 0x0000013980119700]
Event: 0.454 Thread 0x00000139d81f0310  720       3       java.lang.String::<init> (74 bytes)
Event: 0.454 Thread 0x00000139d81f0310 nmethod 720 0x0000013980119790 code [0x0000013980119980, 0x0000013980119d90]

GC Heap History (0 events):
No events

Dll operation events (9 events):
Event: 0.004 Loaded shared library C:\Users\Manue\.jdks\ms-21.0.9\bin\java.dll
Event: 0.022 Loaded shared library C:\Users\Manue\.jdks\ms-21.0.9\bin\jsvml.dll
Event: 0.037 Loaded shared library C:\Users\Manue\.jdks\ms-21.0.9\bin\net.dll
Event: 0.038 Loaded shared library C:\Users\Manue\.jdks\ms-21.0.9\bin\nio.dll
Event: 0.040 Loaded shared library C:\Users\Manue\.jdks\ms-21.0.9\bin\zip.dll
Event: 0.068 Loaded shared library C:\Users\Manue\.jdks\ms-21.0.9\bin\jimage.dll
Event: 0.080 Loaded shared library C:\Users\Manue\AppData\Local\Temp\lwjgl_Manue\3.3.3+5\x64\lwjgl.dll
Event: 0.255 Loaded shared library C:\Users\Manue\AppData\Local\Temp\lwjgl_Manue\3.3.3+5\x64\lwjgl_opengl.dll
Event: 0.449 Loaded shared library C:\Users\Manue\AppData\Local\Temp\imgui-java-natives\1.86.11\imgui-java64.dll

Deoptimization events (12 events):
Event: 0.055 Thread 0x00000139ee533830 Uncommon trap: trap_request=0xffffff45 fr.pc=0x0000013987ba7b78 relative=0x00000000000002b8
Event: 0.055 Thread 0x00000139ee533830 Uncommon trap: reason=unstable_if action=reinterpret pc=0x0000013987ba7b78 method=java.lang.StringLatin1.hashCode([B)I @ 2 c2
Event: 0.055 Thread 0x00000139ee533830 DEOPT PACKING pc=0x0000013987ba7b78 sp=0x00000014239fb910
Event: 0.055 Thread 0x00000139ee533830 DEOPT UNPACKING pc=0x00000139874a4422 sp=0x00000014239fb848 mode 2
Event: 0.115 Thread 0x00000139ee533830 DEOPT PACKING pc=0x000001398001ad4c sp=0x00000014239fd7f0
Event: 0.115 Thread 0x00000139ee533830 DEOPT UNPACKING pc=0x00000139874a4bc2 sp=0x00000014239fcc10 mode 0
Event: 0.127 Thread 0x00000139ee533830 DEOPT PACKING pc=0x0000013980009bcc sp=0x00000014239fe280
Event: 0.127 Thread 0x00000139ee533830 DEOPT UNPACKING pc=0x00000139874a4bc2 sp=0x00000014239fd6e8 mode 0
Event: 0.261 Thread 0x00000139ee533830 Uncommon trap: trap_request=0xffffff54 fr.pc=0x0000013987bcb810 relative=0x0000000000000070
Event: 0.261 Thread 0x00000139ee533830 Uncommon trap: reason=speculate_null_assert action=make_not_entrant pc=0x0000013987bcb810 method=sun.misc.Unsafe.putLong(Ljava/lang/Object;JJ)V @ 7 c2
Event: 0.261 Thread 0x00000139ee533830 DEOPT PACKING pc=0x0000013987bcb810 sp=0x00000014239fefa0
Event: 0.261 Thread 0x00000139ee533830 DEOPT UNPACKING pc=0x00000139874a4422 sp=0x00000014239fef18 mode 2

Classes loaded (20 events):
Event: 0.118 Loading class java/lang/invoke/DirectMethodHandle$StaticAccessor
Event: 0.119 Loading class java/lang/invoke/DirectMethodHandle$StaticAccessor done
Event: 0.119 Loading class java/util/function/LongPredicate
Event: 0.119 Loading class java/util/function/LongPredicate done
Event: 0.120 Loading class java/lang/foreign/MemorySegment
Event: 0.120 Loading class java/lang/foreign/MemorySegment done
Event: 0.123 Loading class java/nio/InvalidMarkException
Event: 0.123 Loading class java/nio/InvalidMarkException done
Event: 0.123 Loading class java/nio/BufferUnderflowException
Event: 0.123 Loading class java/nio/BufferUnderflowException done
Event: 0.124 Loading class java/lang/IndexOutOfBoundsException
Event: 0.124 Loading class java/lang/IndexOutOfBoundsException done
Event: 0.258 Loading class java/util/Formatter$FixedString
Event: 0.258 Loading class java/util/Formatter$FixedString done
Event: 0.422 Loading class java/nio/file/AccessDeniedException
Event: 0.422 Loading class java/nio/file/AccessDeniedException done
Event: 0.422 Loading class java/io/UncheckedIOException
Event: 0.422 Loading class java/io/UncheckedIOException done
Event: 0.425 Loading class java/nio/file/StandardCopyOption
Event: 0.425 Loading class java/nio/file/StandardCopyOption done

Classes unloaded (0 events):
No events

Classes redefined (0 events):
No events

Internal exceptions (20 events):
Event: 0.064 Thread 0x00000139ee533830 Exception <a 'java/lang/NoSuchMethodError'{0x0000000621c41b50}: 'java.lang.Object java.lang.invoke.DirectMethodHandle$Holder.invokeStatic(java.lang.Object, java.lang.Object, int)'> (0x0000000621c41b50) 
thrown [s\src\hotspot\share\interpreter\linkResolver.cpp, line 773]
Event: 0.065 Thread 0x00000139ee533830 Exception <a 'java/lang/NoSuchMethodError'{0x0000000621c4d3e0}: 'void java.lang.invoke.DelegatingMethodHandle$Holder.delegate(java.lang.Object, java.lang.Object, int, java.lang.Object)'> (0x0000000621c4d3e0) 
thrown [s\src\hotspot\share\interpreter\linkResolver.cpp, line 773]
Event: 0.065 Thread 0x00000139ee533830 Exception <a 'java/lang/NoSuchMethodError'{0x0000000621c51408}: 'int java.lang.invoke.DirectMethodHandle$Holder.invokeSpecial(java.lang.Object, java.lang.Object, java.lang.Object)'> (0x0000000621c51408) 
thrown [s\src\hotspot\share\interpreter\linkResolver.cpp, line 773]
Event: 0.067 Thread 0x00000139ee533830 Exception <a 'java/lang/NoSuchMethodError'{0x0000000621c6be50}: 'void java.lang.System.loadLibrary(java.lang.String, java.lang.Class)'> (0x0000000621c6be50) 
thrown [s\src\hotspot\share\interpreter\linkResolver.cpp, line 773]
Event: 0.079 Thread 0x00000139ee533830 Exception <a 'sun/nio/fs/WindowsException'{0x0000000621ca1af0}> (0x0000000621ca1af0) 
thrown [s\src\hotspot\share\prims\jni.cpp, line 520]
Event: 0.080 Thread 0x00000139ee533830 Exception <a 'sun/nio/fs/WindowsException'{0x0000000621ca2040}> (0x0000000621ca2040) 
thrown [s\src\hotspot\share\prims\jni.cpp, line 520]
Event: 0.115 Thread 0x00000139ee533830 Exception <a 'sun/nio/fs/WindowsException'{0x0000000621d2ac98}> (0x0000000621d2ac98) 
thrown [s\src\hotspot\share\prims\jni.cpp, line 520]
Event: 0.115 Thread 0x00000139ee533830 Exception <a 'sun/nio/fs/WindowsException'{0x0000000621d2aff8}> (0x0000000621d2aff8) 
thrown [s\src\hotspot\share\prims\jni.cpp, line 520]
Event: 0.120 Thread 0x00000139ee533830 Exception <a 'java/lang/NoSuchMethodError'{0x0000000621d7a9b0}: 'int java.lang.invoke.DirectMethodHandle$Holder.invokeStaticInit(java.lang.Object, java.lang.Object, int, long)'> (0x0000000621d7a9b0) 
thrown [s\src\hotspot\share\interpreter\linkResolver.cpp, line 773]
Event: 0.120 Thread 0x00000139ee533830 Exception <a 'java/lang/NoSuchMethodError'{0x0000000621d7fad8}: 'java.lang.Object java.lang.invoke.DirectMethodHandle$Holder.newInvokeSpecial(java.lang.Object, java.lang.Object, int)'> (0x0000000621d7fad8) 
thrown [s\src\hotspot\share\interpreter\linkResolver.cpp, line 773]
Event: 0.121 Thread 0x00000139ee533830 Exception <a 'java/lang/NoSuchMethodError'{0x0000000621d8eb88}: 'int java.lang.invoke.DirectMethodHandle$Holder.invokeStaticInit(java.lang.Object, java.lang.Object, long, long)'> (0x0000000621d8eb88) 
thrown [s\src\hotspot\share\interpreter\linkResolver.cpp, line 773]
Event: 0.121 Thread 0x00000139ee533830 Exception <a 'java/lang/NoSuchMethodError'{0x0000000621d94630}: 'java.lang.Object java.lang.invoke.DirectMethodHandle$Holder.newInvokeSpecial(java.lang.Object, java.lang.Object, long)'> (0x0000000621d94630) 
thrown [s\src\hotspot\share\interpreter\linkResolver.cpp, line 773]
Event: 0.121 Thread 0x00000139ee533830 Exception <a 'java/lang/NoSuchMethodError'{0x0000000621d98758}: 'java.lang.Object java.lang.invoke.Invokers$Holder.linkToTargetMethod(java.lang.Object, long, java.lang.Object)'> (0x0000000621d98758) 
thrown [s\src\hotspot\share\interpreter\linkResolver.cpp, line 773]
Event: 0.122 Thread 0x00000139ee533830 Exception <a 'java/lang/NoSuchMethodError'{0x0000000621d9f9d8}: 'int java.lang.invoke.DirectMethodHandle$Holder.invokeStaticInit(java.lang.Object, java.lang.Object, java.lang.Object, long)'> (0x0000000621d9f9d8) 
thrown [s\src\hotspot\share\interpreter\linkResolver.cpp, line 773]
Event: 0.252 Thread 0x00000139ee533830 Exception <a 'java/lang/NoSuchMethodError'{0x0000000621e25238}: 'void java.lang.System.load(java.lang.String, java.lang.Class)'> (0x0000000621e25238) 
thrown [s\src\hotspot\share\interpreter\linkResolver.cpp, line 773]
Event: 0.252 Thread 0x00000139ee533830 Exception <a 'java/lang/NoSuchMethodError'{0x0000000621e27c68}: 'void java.lang.System.loadLibrary(java.lang.String, java.lang.Class)'> (0x0000000621e27c68) 
thrown [s\src\hotspot\share\interpreter\linkResolver.cpp, line 773]
Event: 0.255 Thread 0x00000139ee533830 Exception <a 'sun/nio/fs/WindowsException'{0x0000000621e36a98}> (0x0000000621e36a98) 
thrown [s\src\hotspot\share\prims\jni.cpp, line 520]
Event: 0.255 Thread 0x00000139ee533830 Exception <a 'sun/nio/fs/WindowsException'{0x0000000621e36e38}> (0x0000000621e36e38) 
thrown [s\src\hotspot\share\prims\jni.cpp, line 520]
Event: 0.257 Thread 0x00000139ee533830 Exception <a 'sun/nio/fs/WindowsException'{0x0000000621e3fad8}> (0x0000000621e3fad8) 
thrown [s\src\hotspot\share\prims\jni.cpp, line 520]
Event: 0.257 Thread 0x00000139ee533830 Exception <a 'sun/nio/fs/WindowsException'{0x0000000621e3fda8}> (0x0000000621e3fda8) 
thrown [s\src\hotspot\share\prims\jni.cpp, line 520]

ZGC Phase Switch (0 events):
No events

VM Operations (2 events):
Event: 0.041 Executing VM operation: HandshakeAllThreads (Deoptimize)
Event: 0.041 Executing VM operation: HandshakeAllThreads (Deoptimize) done

Memory protections (0 events):
No events

Nmethod flushes (0 events):
No events

Events (15 events):
Event: 0.013 Thread 0x00000139ee533830 Thread added: 0x00000139ee533830
Event: 0.020 Thread 0x00000139ee533830 Thread added: 0x00000139fe613350
Event: 0.020 Thread 0x00000139ee533830 Thread added: 0x00000139fe615db0
Event: 0.020 Thread 0x00000139ee533830 Thread added: 0x00000139d808a4a0
Event: 0.021 Thread 0x00000139ee533830 Thread added: 0x00000139fe61b780
Event: 0.021 Thread 0x00000139ee533830 Thread added: 0x00000139d8092fe0
Event: 0.021 Thread 0x00000139ee533830 Thread added: 0x00000139d80b4000
Event: 0.021 Thread 0x00000139ee533830 Thread added: 0x00000139d80b6ec0
Event: 0.021 Thread 0x00000139ee533830 Thread added: 0x00000139d80c1410
Event: 0.031 Thread 0x00000139d80c1410 Thread added: 0x00000139d81d9f00
Event: 0.031 Thread 0x00000139d80c1410 Thread added: 0x00000139d81f0310
Event: 0.032 Thread 0x00000139ee533830 Thread added: 0x00000139d8224140
Event: 0.034 Thread 0x00000139ee533830 Thread added: 0x00000139d82299b0
Event: 0.111 Thread 0x00000139d80c1410 Thread added: 0x00000139d85a1220
Event: 0.250 Thread 0x00000139d85a1220 Thread exited: 0x00000139d85a1220


Dynamic libraries:
0x00007ff6e0950000 - 0x00007ff6e095e000 	C:\Users\Manue\.jdks\ms-21.0.9\bin\java.exe
0x00007ffa24220000 - 0x00007ffa24487000 	C:\Windows\SYSTEM32\ntdll.dll
0x00007ffa22740000 - 0x00007ffa22809000 	C:\Windows\System32\KERNEL32.DLL
0x00007ffa21bc0000 - 0x00007ffa21fb1000 	C:\Windows\System32\KERNELBASE.dll
0x00007ffa20b00000 - 0x00007ffa20c4b000 	C:\Windows\System32\ucrtbase.dll
0x00007ff9f1870000 - 0x00007ff9f188e000 	C:\Users\Manue\.jdks\ms-21.0.9\bin\VCRUNTIME140.dll
0x00007ff9f1890000 - 0x00007ff9f18a8000 	C:\Users\Manue\.jdks\ms-21.0.9\bin\jli.dll
0x00007ffa22ab0000 - 0x00007ffa22c75000 	C:\Windows\System32\USER32.dll
0x00007ffa07690000 - 0x00007ffa07923000 	C:\Windows\WinSxS\amd64_microsoft.windows.common-controls_6595b64144ccf1df_6.0.26100.8037_none_3e092faae333b53b\COMCTL32.dll
0x00007ffa21b90000 - 0x00007ffa21bb7000 	C:\Windows\System32\win32u.dll
0x00007ffa23e50000 - 0x00007ffa23ef9000 	C:\Windows\System32\msvcrt.dll
0x00007ffa22f10000 - 0x00007ffa22f3b000 	C:\Windows\System32\GDI32.dll
0x00007ffa20e80000 - 0x00007ffa20fab000 	C:\Windows\System32\gdi32full.dll
0x00007ffa20c50000 - 0x00007ffa20cf3000 	C:\Windows\System32\msvcp_win.dll
0x00007ffa23e10000 - 0x00007ffa23e41000 	C:\Windows\System32\IMM32.DLL
0x00007ffa088e0000 - 0x00007ffa088ec000 	C:\Users\Manue\.jdks\ms-21.0.9\bin\vcruntime140_1.dll
0x00007ff9f17e0000 - 0x00007ff9f1869000 	C:\Users\Manue\.jdks\ms-21.0.9\bin\msvcp140.dll
0x00007ff9a1930000 - 0x00007ff9a26dd000 	C:\Users\Manue\.jdks\ms-21.0.9\bin\server\jvm.dll
0x00007ffa224e0000 - 0x00007ffa2259b000 	C:\Windows\System32\ADVAPI32.dll
0x00007ffa22ff0000 - 0x00007ffa23097000 	C:\Windows\System32\sechost.dll
0x00007ffa22de0000 - 0x00007ffa22ef8000 	C:\Windows\System32\RPCRT4.dll
0x00007ffa22c80000 - 0x00007ffa22cf4000 	C:\Windows\System32\WS2_32.dll
0x00007ffa207b0000 - 0x00007ffa2080e000 	C:\Windows\SYSTEM32\POWRPROF.dll
0x00007ffa131d0000 - 0x00007ffa13205000 	C:\Windows\SYSTEM32\WINMM.dll
0x00007ffa18ad0000 - 0x00007ffa18adb000 	C:\Windows\SYSTEM32\VERSION.dll
0x00007ffa20790000 - 0x00007ffa207a4000 	C:\Windows\SYSTEM32\UMPDC.dll
0x00007ffa1f850000 - 0x00007ffa1f86b000 	C:\Windows\SYSTEM32\kernel.appcore.dll
0x00007ff9ffaa0000 - 0x00007ff9ffaaa000 	C:\Users\Manue\.jdks\ms-21.0.9\bin\jimage.dll
0x00007ffa0a620000 - 0x00007ffa0a862000 	C:\Windows\SYSTEM32\DBGHELP.DLL
0x00007ffa23a80000 - 0x00007ffa23e02000 	C:\Windows\System32\combase.dll
0x00007ffa22d00000 - 0x00007ffa22dd7000 	C:\Windows\System32\OLEAUT32.dll
0x00007ffa07c60000 - 0x00007ffa07c9b000 	C:\Windows\SYSTEM32\dbgcore.DLL
0x00007ffa21a20000 - 0x00007ffa21ac5000 	C:\Windows\System32\bcryptPrimitives.dll
0x00007ff9f17b0000 - 0x00007ff9f17d1000 	C:\Users\Manue\.jdks\ms-21.0.9\bin\java.dll
0x00007ffa230b0000 - 0x00007ffa2380f000 	C:\Windows\System32\SHELL32.dll
0x00007ffa20fb0000 - 0x00007ffa2111a000 	C:\Windows\System32\wintypes.dll
0x00007ffa211b0000 - 0x00007ffa21a14000 	C:\Windows\System32\windows.storage.dll
0x00007ffa240e0000 - 0x00007ffa241d7000 	C:\Windows\System32\SHCORE.dll
0x00007ffa23820000 - 0x00007ffa23887000 	C:\Windows\System32\shlwapi.dll
0x00007ffa20a20000 - 0x00007ffa20a49000 	C:\Windows\SYSTEM32\profapi.dll
0x00007ff9f16d0000 - 0x00007ff9f17a6000 	C:\Users\Manue\.jdks\ms-21.0.9\bin\jsvml.dll
0x00007ff9f1690000 - 0x00007ff9f16a1000 	C:\Users\Manue\.jdks\ms-21.0.9\bin\net.dll
0x00007ffa19aa0000 - 0x00007ffa19bc7000 	C:\Windows\SYSTEM32\WINHTTP.dll
0x00007ffa1fdb0000 - 0x00007ffa1fe1b000 	C:\Windows\system32\mswsock.dll
0x00007ff9f1670000 - 0x00007ff9f1686000 	C:\Users\Manue\.jdks\ms-21.0.9\bin\nio.dll
0x00007ff9f16b0000 - 0x00007ff9f16c8000 	C:\Users\Manue\.jdks\ms-21.0.9\bin\zip.dll
0x00007ff9f28c0000 - 0x00007ff9f293b000 	C:\Users\Manue\AppData\Local\Temp\lwjgl_Manue\3.3.3+5\x64\lwjgl.dll
0x00007ff9f1c30000 - 0x00007ff9f1cb2000 	C:\Users\Manue\AppData\Local\Temp\lwjgl_Manue\3.3.3+5\x64\glfw.dll
0x00007ff9f3680000 - 0x00007ff9f36cb000 	C:\Windows\SYSTEM32\dinput8.dll
0x00007ff9f4ec0000 - 0x00007ff9f4ede000 	C:\Windows\SYSTEM32\xinput1_4.dll
0x00007ffa206d0000 - 0x00007ffa20727000 	C:\Windows\SYSTEM32\cfgmgr32.dll
0x00007ffa20730000 - 0x00007ffa2075d000 	C:\Windows\SYSTEM32\DEVOBJ.dll
0x00007ffa1e820000 - 0x00007ffa1e84e000 	C:\Windows\SYSTEM32\dwmapi.dll
0x00007ff9f6350000 - 0x00007ff9f6533000 	C:\Windows\SYSTEM32\inputhost.dll
0x00007ffa1df20000 - 0x00007ffa1e047000 	C:\Windows\SYSTEM32\CoreMessaging.dll
0x00007ffa1e490000 - 0x00007ffa1e53a000 	C:\Windows\system32\uxtheme.dll
0x00007ffa23f80000 - 0x00007ffa240dd000 	C:\Windows\System32\MSCTF.dll
0x00007ffa20100000 - 0x00007ffa2010c000 	C:\Windows\SYSTEM32\CRYPTBASE.DLL
0x00007ff9e9f70000 - 0x00007ff9ea07e000 	C:\Windows\SYSTEM32\opengl32.dll
0x00007ff9f3640000 - 0x00007ff9f366d000 	C:\Windows\SYSTEM32\GLU32.dll
0x00007ffa1e660000 - 0x00007ffa1e6a3000 	C:\Windows\SYSTEM32\dxcore.dll
0x00007ffa13140000 - 0x00007ffa1315a000 	C:\Windows\SYSTEM32\windows.staterepositorycore.dll
0x00007ff978840000 - 0x00007ff97b0d6000 	C:\Windows\System32\DriverStore\FileRepository\nvmd.inf_amd64_949b704772ff9f4b\nvoglv64.dll
0x00007ffa21fc0000 - 0x00007ffa22447000 	C:\Windows\System32\SETUPAPI.dll
0x00007ffa225a0000 - 0x00007ffa22735000 	C:\Windows\System32\ole32.dll
0x00007ffa1e3c0000 - 0x00007ffa1e3e9000 	C:\Windows\SYSTEM32\WTSAPI32.dll
0x00007ffa20d00000 - 0x00007ffa20e77000 	C:\Windows\System32\CRYPT32.dll
0x00007ffa1fb00000 - 0x00007ffa1fb49000 	C:\Windows\SYSTEM32\SspiCli.dll
0x00007ffa20150000 - 0x00007ffa20163000 	C:\Windows\SYSTEM32\msasn1.dll
0x00007ffa18a90000 - 0x00007ffa18acb000 	C:\Windows\SYSTEM32\cryptnet.dll
0x00007ffa201c0000 - 0x00007ffa20228000 	C:\Windows\SYSTEM32\wldp.dll
0x00007ffa186d0000 - 0x00007ffa18848000 	C:\Windows\SYSTEM32\drvstore.dll
0x00007ffa21120000 - 0x00007ffa211a1000 	C:\Windows\System32\WINTRUST.dll
0x00007ffa1f980000 - 0x00007ffa1f9b6000 	C:\Windows\SYSTEM32\ntmarta.dll
0x00007ffa23890000 - 0x00007ffa238b0000 	C:\Windows\System32\imagehlp.dll
0x00007ffa200e0000 - 0x00007ffa200fb000 	C:\Windows\System32\CRYPTSP.dll
0x00007ffa1f7b0000 - 0x00007ffa1f7e9000 	C:\Windows\system32\rsaenh.dll
0x00007ffa209f0000 - 0x00007ffa20a1a000 	C:\Windows\System32\bcrypt.dll
0x00007ffa145c0000 - 0x00007ffa18073000 	C:\Windows\System32\DriverStore\FileRepository\nvmd.inf_amd64_949b704772ff9f4b\nvgpucomp64.dll
0x00007ff9eb840000 - 0x00007ff9ebb46000 	C:\Windows\system32\nvspcap64.dll
0x00007ffa20300000 - 0x00007ffa20363000 	C:\Windows\SYSTEM32\WINSTA.dll
0x00007ff9f83f0000 - 0x00007ff9f8538000 	C:\Windows\SYSTEM32\textinputframework.dll
0x00007ffa194e0000 - 0x00007ffa197c2000 	C:\Windows\SYSTEM32\CoreUIComponents.dll
0x00007ff9f1a10000 - 0x00007ff9f1a6e000 	C:\Users\Manue\AppData\Local\Temp\lwjgl_Manue\3.3.3+5\x64\lwjgl_opengl.dll
0x00007ff9a3810000 - 0x00007ff9a456d000 	C:\Users\Manue\AppData\Local\Temp\imgui-java-natives\1.86.11\imgui-java64.dll

JVMTI agents: none

dbghelp: loaded successfully - version: 4.0.5 - missing functions: none
symbol engine: initialized successfully - sym options: 0x614 - pdb path: .;C:\Users\Manue\.jdks\ms-21.0.9\bin;C:\Windows\SYSTEM32;C:\Windows\WinSxS\amd64_microsoft.windows.common-controls_6595b64144ccf1df_6.0.26100.8037_none_3e092faae333b53b;C:\Users\Manue\.jdks\ms-21.0.9\bin\server;C:\Users\Manue\AppData\Local\Temp\lwjgl_Manue\3.3.3+5\x64;C:\Windows\System32\DriverStore\FileRepository\nvmd.inf_amd64_949b704772ff9f4b;C:\Users\Manue\AppData\Local\Temp\imgui-java-natives\1.86.11

VM Arguments:
jvm_args: -Dfile.encoding=UTF-8 -Duser.country=IT -Duser.language=it -Duser.variant 
java_command: Main --stacktrace
java_class_path (initial): C:\Users\Manue\IdeaProjects\LyvexEngine\build\classes\java\main;C:\Users\Manue\IdeaProjects\LyvexEngine\build\resources\main;C:\Users\Manue\.gradle\caches\modules-2\files-2.1\io.github.spair\imgui-java-lwjgl3\1.86.11\7f6657336844bd5a5321ca4987ff1e5476df5aeb\imgui-java-lwjgl3-1.86.11.jar;C:\Users\Manue\.gradle\caches\modules-2\files-2.1\org.lwjgl\lwjgl-glfw\3.3.3\efa1eb78c5ccd840e9f329717109b5e892d72f8e\lwjgl-glfw-3.3.3.jar;C:\Users\Manue\.gradle\caches\modules-2\files-2.1\org.lwjgl\lwjgl-glfw\3.3.3\e449e28b4891fc423c54c85fbc5bb0b9efece67a\lwjgl-glfw-3.3.3-natives-windows.jar;C:\Users\Manue\.gradle\caches\modules-2\files-2.1\org.lwjgl\lwjgl-glfw\3.3.3\a1bf400f6bc64e6195596cb1430dafda46090751\lwjgl-glfw-3.3.3-natives-macos.jar;C:\Users\Manue\.gradle\caches\modules-2\files-2.1\org.lwjgl\lwjgl-opengl\3.3.3\2f6b0147078396a58979125a4c947664e98293a\lwjgl-opengl-3.3.3.jar;C:\Users\Manue\.gradle\caches\modules-2\files-2.1\org.lwjgl\lwjgl-opengl\3.3.3\e6c1eec8be8a71951b830a4d69efc01c6531900c\lwjgl-opengl-3.3.3-natives-windows.jar;C:\Users\Manue\.gradle\caches\modules-2\files-2.1\org.lwjgl\lwjgl-opengl\3.3.3\1bd45997551ae8a28469f3a2b678f4b7289e12c0\lwjgl-opengl-3.3.3-natives-macos.jar;C:\Users\Manue\.gradle\caches\modules-2\files-2.1\org.lwjgl\lwjgl\3.3.3\29589b5f87ed335a6c7e7ee6a5775f81f97ecb84\lwjgl-3.3.3.jar;C:\Users\Manue\.gradle\caches\modules-2\files-2.1\org.lwjgl\lwjgl\3.3.3\a5ed18a2b82fc91b81f40d717cb1f64c9dcb0540\lwjgl-3.3.3-natives-windows.jar;C:\Users\Manue\.gradle\caches\modules-2\files-2.1\org.lwjgl\lwjgl\3.3.3\33a6efa288390490ce6eb6c3df47ac21ecf648cf\lwjgl-3.3.3-natives-macos.jar;C:\Users\Manue\.gradle\caches\modules-2\files-2.1\io.github.spair\imgui-java-binding\1.86.11\9f6655bb12d271cb8c63e4394aa697ded1eae48\imgui-java-binding-1.86.11.jar;C:\Users\Manue\.gradle\caches\modules-2\files-2.1\io.github.spair\imgui-java-natives-windows\1.86.11\7ad16055af581b5029f3938b0a91f98db7194249\imgui-java-natives-windows-1.86.11.jar;C:\Users\Manue\.gradle\caches\modules-2\files-2.1\io.github.spair\imgui-java-natives-macos\1.86.11\ae3a1fe0709d14848aae190d26357de899fffc0c\imgui-java-natives-macos-1.86.11.jar
Launcher Type: SUN_STANDARD

[Global flags]
     intx CICompilerCount                          = 12                                        {product} {ergonomic}
     uint ConcGCThreads                            = 5                                         {product} {ergonomic}
     uint G1ConcRefinementThreads                  = 20                                        {product} {ergonomic}
   size_t G1HeapRegionSize                         = 4194304                                   {product} {ergonomic}
    uintx GCDrainStackTargetSize                   = 64                                        {product} {ergonomic}
   size_t InitialHeapSize                          = 536870912                                 {product} {ergonomic}
   size_t MarkStackSize                            = 4194304                                   {product} {ergonomic}
   size_t MaxHeapSize                              = 8552185856                                {product} {ergonomic}
   size_t MaxNewSize                               = 5129633792                                {product} {ergonomic}
   size_t MinHeapDeltaBytes                        = 4194304                                   {product} {ergonomic}
   size_t MinHeapSize                              = 8388608                                   {product} {ergonomic}
    uintx NonNMethodCodeHeapSize                   = 7602480                                {pd product} {ergonomic}
    uintx NonProfiledCodeHeapSize                  = 122027880                              {pd product} {ergonomic}
    uintx ProfiledCodeHeapSize                     = 122027880                              {pd product} {ergonomic}
    uintx ReservedCodeCacheSize                    = 251658240                              {pd product} {ergonomic}
     bool SegmentedCodeCache                       = true                                      {product} {ergonomic}
   size_t SoftMaxHeapSize                          = 8552185856                             {manageable} {ergonomic}
     bool UseCompressedOops                        = true                           {product lp64_product} {ergonomic}
     bool UseG1GC                                  = true                                      {product} {ergonomic}
     bool UseLargePagesIndividualAllocation        = false                                  {pd product} {ergonomic}

Logging:
Log output configuration:
 #0: stdout all=warning uptime,level,tags foldmultilines=false
 #1: stderr all=off uptime,level,tags foldmultilines=false

Release file:
IMPLEMENTOR="Microsoft" 
IMPLEMENTOR_VERSION="Microsoft-12574459" 
JAVA_RUNTIME_VERSION="21.0.9+10-LTS" 
JAVA_VERSION="21.0.9" 
JAVA_VERSION_DATE="2025-10-21" 
LIBC="default" 
MODULES="java.base java.compiler java.datatransfer java.xml java.prefs java.desktop java.instrument java.logging java.management java.security.sasl java.naming java.rmi java.management.rmi java.net.http java.scripting java.security.jgss java.transaction.xa java.sql java.sql.rowset java.xml.crypto java.se java.smartcardio jdk.accessibility jdk.internal.jvmstat jdk.attach jdk.charsets jdk.internal.opt jdk.zipfs jdk.compiler jdk.crypto.ec jdk.crypto.cryptoki jdk.crypto.mscapi jdk.dynalink jdk.internal.ed jdk.editpad jdk.hotspot.agent jdk.httpserver jdk.incubator.vector jdk.internal.le jdk.internal.vm.ci jdk.internal.vm.compiler jdk.internal.vm.compiler.management jdk.jartool jdk.javadoc jdk.jcmd jdk.management jdk.management.agent jdk.jconsole jdk.jdeps jdk.jdwp.agent jdk.jdi jdk.jfr jdk.jlink jdk.jpackage jdk.jshell jdk.jsobject jdk.jstatd jdk.localedata jdk.management.jfr jdk.naming.dns jdk.naming.rmi jdk.net jdk.nio.mapmode jdk.random jdk.sctp jdk.security.auth jdk.security.jgss jdk.unsupported jdk.unsupported.desktop jdk.xml.dom" 
OS_ARCH="x86_64" 
OS_NAME="Windows" 
SOURCE=".:git:e0bc49609000" 

Environment Variables:
PATH=C:\Program Files (x86)\Common Files\Oracle\Java\java8path;C:\Program Files (x86)\Common Files\Oracle\Java\javapath;C:\Python314\Scripts\;C:\Python314\;C:\Program Files\PlasticSCM5\server;C:\Program Files\PlasticSCM5\client;C:\Windows\system32;C:\Windows;C:\Windows\System32\Wbem;C:\Windows\System32\WindowsPowerShell\v1.0\;C:\Windows\System32\OpenSSH\;C:\Program Files\dotnet\;C:\Program Files (x86)\NVIDIA Corporation\PhysX\Common;C:\Program Files\NVIDIA Corporation\NVIDIA App\NvDLISR;C:\Program Files\Git\cmd;C:\Program Files (x86)\Windows Kits\10\Windows Performance Toolkit\;C:\Program Files\nodejs\;C:\ProgramData\chocolatey\bin;C:\Program Files\GitHub CLI\;C:\Users\Manue\AppData\Local\Microsoft\WindowsApps;C:\Users\Manue\AppData\Local\GitHubDesktop\bin;C:\Users\Manue\.diversion\bin;C:\Users\Manue\.dotnet\tools;C:\Users\Manue\AppData\Local\JetBrains\Toolbox\scripts;C:\Users\Manue\.dotnet\tools;C:\Users\Manue\AppData\Roaming\npm;C:\Users\Manue\AppData\Local\Programs\Microsoft VS Code\bin
USERNAME=Manue
OS=Windows_NT
PROCESSOR_IDENTIFIER=Intel64 Family 6 Model 183 Stepping 1, GenuineIntel
TMP=C:\Users\Manue\AppData\Local\Temp
TEMP=C:\Users\Manue\AppData\Local\Temp




Periodic native trim disabled

---------------  S Y S T E M  ---------------

OS:
 Windows 11 , 64 bit Build 26100 (10.0.26100.7920)
OS uptime: 0 days 21:19 hours
Hyper-V role detected

CPU: total 28 (initial active 28) (14 cores per cpu, 2 threads per core) family 6 model 183 stepping 1 microcode 0x12f, cx8, cmov, fxsr, ht, mmx, 3dnowpref, sse, sse2, sse3, ssse3, sse4.1, sse4.2, popcnt, lzcnt, tsc, tscinvbit, avx, avx2, aes, erms, clmul, bmi1, bmi2, adx, sha, fma, vzeroupper, clflush, clflushopt, clwb, hv, serialize, rdtscp, rdpid, fsrm, f16c, cet_ibt, cet_ss
Processor Information for the first 28 processors :
  Max Mhz: 2100, Current Mhz: 2100, Mhz Limit: 2100

Memory: 4k page, system-wide physical 32616M (20753M free)
TotalPageFile size 36456M (AvailPageFile size 23257M)
current process WorkingSet (physical memory assigned to process): 101M, peak: 101M
current process commit charge ("private bytes"): 726M, peak: 726M

vm_info: OpenJDK 64-Bit Server VM (21.0.9+10-LTS) for windows-amd64 JRE (21.0.9+10-LTS), built on 2025-10-13T22:04:36Z by "MicrosoftCorporation" with unknown MS VC++:1944

END.
